#
# There is insufficient memory for the Java Runtime Environment to continue.
# Native memory allocation (mmap) failed to map 207618048 bytes for G1 virtual space
# Possible reasons:
#   The system is out of physical RAM or swap space
#   The process is running with CompressedOops enabled, and the Java Heap may be blocking the growth of the native heap
# Possible solutions:
#   Reduce memory load on the system
#   Increase physical memory or swap space
#   Check if swap backing store is full
#   Decrease Java heap size (-Xmx/-Xms)
#   Decrease number of Java threads
#   Decrease Java thread stack sizes (-Xss)
#   Set larger code cache with -XX:ReservedCodeCacheSize=
#   JVM is running with Unscaled Compressed Oops mode in which the Java heap is
#     placed in the first 4GB address space. The Java Heap base address is the
#     maximum limit for the native heap growth. Please use -XX:HeapBaseMinAddress
#     to set the Java Heap base and to place the Java Heap above 4GB virtual address.
# This output file may be truncated or incomplete.
#
#  Out of Memory Error (os_windows.cpp:3469), pid=1316, tid=9344
#
# JRE version: Java(TM) SE Runtime Environment (17.0.1+12) (build 17.0.1+12-LTS-39)
# Java VM: Java HotSpot(TM) 64-Bit Server VM (17.0.1+12-LTS-39, mixed mode, sharing, tiered, compressed oops, compressed class ptrs, g1 gc, windows-amd64)
# No core dump will be written. Minidumps are not enabled by default on client versions of Windows
#

---------------  S U M M A R Y ------------

Command Line: --add-opens=java.base/java.util=ALL-UNNAMED --add-opens=java.base/java.lang=ALL-UNNAMED --add-opens=java.base/java.lang.invoke=ALL-UNNAMED --add-opens=java.base/java.util=ALL-UNNAMED --add-opens=java.prefs/java.util.prefs=ALL-UNNAMED --add-opens=java.prefs/java.util.prefs=ALL-UNNAMED --add-opens=java.base/java.nio.charset=ALL-UNNAMED --add-opens=java.base/java.net=ALL-UNNAMED --add-opens=java.base/java.util.concurrent.atomic=ALL-UNNAMED -Xmx1536m -Dfile.encoding=windows-1252 -Duser.country=FR -Duser.language=fr -Duser.variant org.gradle.launcher.daemon.bootstrap.GradleDaemon 7.2

Host: Intel(R) Pentium(R) Gold G5400 CPU @ 3.70GHz, 4 cores, 3G,  Windows 10 , 64 bit Build 19041 (10.0.19041.1202)
Time: Mon Apr  4 10:50:44 2022 Paris, Madrid (heure duild 19041 (10.0.19041.1202) elapsed time: 109.695963 seconds (0d 0h 1m 49s)

---------------  T H R E A D  ---------------

Current thread (0x000001524b09e1f0):  VMThread "VM Thread" [stack: 0x0000002263500000,0x0000002263600000] [id=9344]

Stack: [0x0000002263500000,0x0000002263600000]
Native frames: (J=compiled Java code, j=interpreted, Vv=VM code, C=native code)
V  [jvm.dll+0x66fa1a]
V  [jvm.dll+0x7ce5a4]
V  [jvm.dll+0x7cfd4e]
V  [jvm.dll+0x7d03b3]
V  [jvm.dll+0x242b05]
V  [jvm.dll+0x66ca39]
V  [jvm.dll+0x661502]
V  [jvm.dll+0x30081b]
V  [jvm.dll+0x307da6]
V  [jvm.dll+0x357a1e]
V  [jvm.dll+0x357c4f]
V  [jvm.dll+0x2d7ad8]
V  [jvm.dll+0x2d5da4]
V  [jvm.dll+0x2d53ac]
V  [jvm.dll+0x318d0b]
V  [jvm.dll+0x7d484b]
V  [jvm.dll+0x7d5584]
V  [jvm.dll+0x7d5a9c]
V  [jvm.dll+0x7d5e74]
V  [jvm.dll+0x7d5f40]
V  [jvm.dll+0x77e91a]
V  [jvm.dll+0x66e845]
C  [ucrtbase.dll+0x21bb2]
C  [KERNEL32.DLL+0x17034]
C  [ntdll.dll+0x52651]

VM_Operation (0x0000002266af95d0): G1CollectForAllocation, mode: safepoint, requested by thread 0x00000152519fe5b0


---------------  P R O C E S S  ---------------

Threads class SMR info:
_java_thread_list=0x0000015251c90340, length=106, elements={
0x0000015230e96500, 0x000001524b0a5080, 0x000001524b0a69e0, 0x000001524b0bd460,
0x000001524b0bed30, 0x000001524b0bf5f0, 0x000001524b0bfeb0, 0x000001524b0c2ab0,
0x000001524b10a330, 0x000001524e023300, 0x000001524e0f5e10, 0x000001524e0fe710,
0x000001524f376d90, 0x000001524ec890c0, 0x000001524f8460f0, 0x000001524f312dd0,
0x000001524e065ed0, 0x000001524e067210, 0x000001524e066870, 0x000001524e068080,
0x000001524e068550, 0x000001524e065a00, 0x000001524e068ef0, 0x000001524e0676e0,
0x000001524e067bb0, 0x000001524e066d40, 0x0000015253440fc0, 0x0000015253443170,
0x0000015253440620, 0x0000015253440150, 0x000001525343f7b0, 0x0000015253440af0,
0x00000152534427d0, 0x0000015253442300, 0x0000015253442ca0, 0x0000015251a00290,
0x00000152519ff8f0, 0x0000015251a032b0, 0x00000152519fef50, 0x0000015251a01100,
0x0000015251a03780, 0x00000152519ff420, 0x0000015251a00c30, 0x0000015251a01aa0,
0x00000152519ffdc0, 0x00000152519fe5b0, 0x0000015251a03c50, 0x0000015251a015d0,
0x0000015251a00760, 0x00000152519fea80, 0x0000015251a02440, 0x0000015251a01f70,
0x0000015251a04f90, 0x0000015251a04120, 0x0000015251a02910, 0x0000015251a02de0,
0x0000015251a045f0, 0x00000152519fdc10, 0x0000015251a04ac0, 0x0000015251a05460,
0x00000152519fe0e0, 0x0000015253441e30, 0x000001525305a6c0, 0x000001525305ea20,
0x000001525305f890, 0x000001525305c870, 0x000001525305ba00, 0x000001525305cd40,
0x0000015253058510, 0x000001525305d210, 0x0000015253059380, 0x00000152530589e0,
0x000001525305eef0, 0x0000015253059850, 0x0000015253058040, 0x000001525305e080,
0x0000015253059d20, 0x000001525305dbb0, 0x000001525305b060, 0x000001525305e550,
0x000001525305ab90, 0x000001525305bed0, 0x000001525584a730, 0x0000015255847710,
0x00000152558498c0, 0x0000015255848a50, 0x000001525584ac00, 0x0000015255849d90,
0x000001525584b0d0, 0x0000015255848580, 0x000001525138b970, 0x000001525138ccb0,
0x000001525138c7e0, 0x0000015251387fb0, 0x000001525138ab00, 0x00000152558480b0,
0x000001524e1c48e0, 0x000001524e1c6f60, 0x000001524e1c82a0, 0x000001524e1c30d0,
0x000001524e1c95e0, 0x000001524e1c9f80, 0x000001524e1c9ab0, 0x000001524e1c60f0,
0x000001524e1c4410, 0x000001524e1c7dd0
}

Java Threads: ( => current thread )
  0x0000015230e96500 JavaThread "main" [_thread_blocked, id=2624, stack(0x0000002262f00000,0x0000002263000000)]
  0x000001524b0a5080 JavaThread "Reference Handler" daemon [_thread_blocked, id=4236, stack(0x0000002263600000,0x0000002263700000)]
  0x000001524b0a69e0 JavaThread "Finalizer" daemon [_thread_blocked, id=1732, stack(0x0000002263700000,0x0000002263800000)]
  0x000001524b0bd460 JavaThread "Signal Dispatcher" daemon [_thread_blocked, id=6024, stack(0x0000002263800000,0x0000002263900000)]
  0x000001524b0bed30 JavaThread "Attach Listener" daemon [_thread_blocked, id=6116, stack(0x0000002263900000,0x0000002263a00000)]
  0x000001524b0bf5f0 JavaThread "Service Thread" daemon [_thread_blocked, id=8172, stack(0x0000002263a00000,0x0000002263b00000)]
  0x000001524b0bfeb0 JavaThread "Monitor Deflation Thread" daemon [_thread_blocked, id=8780, stack(0x0000002263b00000,0x0000002263c00000)]
  0x000001524b0c2ab0 JavaThread "C2 CompilerThread0" daemon [_thread_blocked, id=9072, stack(0x0000002263c00000,0x0000002263d00000)]
  0x000001524b10a330 JavaThread "C1 CompilerThread0" daemon [_thread_blocked, id=9244, stack(0x0000002263d00000,0x0000002263e00000)]
  0x000001524e023300 JavaThread "Sweeper thread" daemon [_thread_blocked, id=8676, stack(0x0000002263e00000,0x0000002263f00000)]
  0x000001524e0f5e10 JavaThread "Common-Cleaner" daemon [_thread_blocked, id=5676, stack(0x0000002263f00000,0x0000002264000000)]
  0x000001524e0fe710 JavaThread "Notification Thread" daemon [_thread_blocked, id=7804, stack(0x0000002264000000,0x0000002264100000)]
  0x000001524f376d90 JavaThread "Daemon health stats" [_thread_blocked, id=10208, stack(0x0000002264500000,0x0000002264600000)]
  0x000001524ec890c0 JavaThread "SeedGenerator Thread" daemon [_thread_blocked, id=7036, stack(0x0000002264600000,0x0000002264700000)]
  0x000001524f8460f0 JavaThread "Incoming local TCP Connector on port 50997" [_thread_in_native, id=1000, stack(0x0000002264800000,0x0000002264900000)]
  0x000001524f312dd0 JavaThread "Daemon periodic checks" [_thread_blocked, id=3924, stack(0x0000002264900000,0x0000002264a00000)]
  0x000001524e065ed0 JavaThread "Daemon" [_thread_blocked, id=3308, stack(0x0000002264b00000,0x0000002264c00000)]
  0x000001524e067210 JavaThread "Handler for socket connection from /127.0.0.1:50997 to /127.0.0.1:50998" [_thread_in_native, id=10196, stack(0x0000002264c00000,0x0000002264d00000)]
  0x000001524e066870 JavaThread "Cancel handler" [_thread_blocked, id=2984, stack(0x0000002264d00000,0x0000002264e00000)]
  0x000001524e068080 JavaThread "Daemon worker" [_thread_blocked, id=10080, stack(0x0000002264e00000,0x0000002264f00000)]
  0x000001524e068550 JavaThread "Asynchronous log dispatcher for DefaultDaemonConnection: socket connection from /127.0.0.1:50997 to /127.0.0.1:50998" [_thread_blocked, id=8136, stack(0x0000002264f00000,0x0000002265000000)]
  0x000001524e065a00 JavaThread "Daemon client event forwarder" [_thread_blocked, id=4016, stack(0x0000002264700000,0x0000002264800000)]
  0x000001524e068ef0 JavaThread "Cache worker for journal cache (C:\Users\baelde\.gradle\caches\journal-1)" [_thread_blocked, id=3724, stack(0x0000002264a00000,0x0000002264b00000)]
  0x000001524e0676e0 JavaThread "File lock request listener" [_thread_in_native, id=9516, stack(0x0000002265300000,0x0000002265400000)]
  0x000001524e067bb0 JavaThread "Cache worker for file hash cache (C:\Users\baelde\.gradle\caches\7.2\fileHashes)" [_thread_blocked, id=7744, stack(0x0000002265200000,0x0000002265300000)]
  0x000001524e066d40 JavaThread "Cache worker for file hash cache (D:\Documents\Projects\speedchecker-sdk-android-demo-app\.gradle\7.2\fileHashes)" [_thread_blocked, id=4960, stack(0x0000002265700000,0x0000002265800000)]
  0x0000015253440fc0 JavaThread "File watcher server" daemon [_thread_blocked, id=1864, stack(0x0000002265800000,0x0000002265900000)]
  0x0000015253443170 JavaThread "File watcher consumer" daemon [_thread_blocked, id=2244, stack(0x0000002265900000,0x0000002265a00000)]
  0x0000015253440620 JavaThread "Cache worker for checksums cache (D:\Documents\Projects\speedchecker-sdk-android-demo-app\.gradle\checksums)" [_thread_blocked, id=584, stack(0x0000002265600000,0x0000002265700000)]
  0x0000015253440150 JavaThread "Cache worker for cache directory md-supplier (C:\Users\baelde\.gradle\caches\7.2\md-supplier)" [_thread_blocked, id=3800, stack(0x0000002265a00000,0x0000002265b00000)]
  0x000001525343f7b0 JavaThread "Cache worker for cache directory md-rule (C:\Users\baelde\.gradle\caches\7.2\md-rule)" [_thread_blocked, id=8268, stack(0x0000002265500000,0x0000002265600000)]
  0x0000015253440af0 JavaThread "Cache worker for execution history cache (C:\Users\baelde\.gradle\caches\7.2\executionHistory)" [_thread_blocked, id=6464, stack(0x0000002265d00000,0x0000002265e00000)]
  0x00000152534427d0 JavaThread "jar transforms" [_thread_blocked, id=588, stack(0x0000002265f00000,0x0000002266000000)]
  0x0000015253442300 JavaThread "jar transforms Thread 2" [_thread_blocked, id=9688, stack(0x0000002265b00000,0x0000002265c00000)]
  0x0000015253442ca0 JavaThread "Cache worker for file content cache (C:\Users\baelde\.gradle\caches\7.2\fileContent)" [_thread_blocked, id=1564, stack(0x0000002266000000,0x0000002266100000)]
  0x0000015251a00290 JavaThread "Cache worker for dependencies-accessors (D:\Documents\Projects\speedchecker-sdk-android-demo-app\.gradle\7.2\dependencies-accessors)" [_thread_blocked, id=968, stack(0x0000002266200000,0x0000002266300000)]
  0x00000152519ff8f0 JavaThread "jar transforms Thread 3" [_thread_blocked, id=10096, stack(0x0000002266300000,0x0000002266400000)]
  0x0000015251a032b0 JavaThread "Cache worker for Build Output Cleanup Cache (D:\Documents\Projects\speedchecker-sdk-android-demo-app\.gradle\buildOutputCleanup)" [_thread_blocked, id=8464, stack(0x0000002266400000,0x0000002266500000)]
  0x00000152519fef50 JavaThread "Unconstrained build operations" [_thread_blocked, id=6084, stack(0x0000002265c00000,0x0000002265d00000)]
  0x0000015251a01100 JavaThread "Unconstrained build operations Thread 2" [_thread_blocked, id=2028, stack(0x0000002266100000,0x0000002266200000)]
  0x0000015251a03780 JavaThread "Unconstrained build operations Thread 3" [_thread_blocked, id=9272, stack(0x0000002266500000,0x0000002266600000)]
  0x00000152519ff420 JavaThread "Unconstrained build operations Thread 4" [_thread_blocked, id=9592, stack(0x0000002266600000,0x0000002266700000)]
  0x0000015251a00c30 JavaThread "Unconstrained build operations Thread 5" [_thread_blocked, id=7684, stack(0x0000002266700000,0x0000002266800000)]
  0x0000015251a01aa0 JavaThread "Unconstrained build operations Thread 6" [_thread_blocked, id=2980, stack(0x0000002266800000,0x0000002266900000)]
  0x00000152519ffdc0 JavaThread "Unconstrained build operations Thread 7" [_thread_blocked, id=6420, stack(0x0000002266900000,0x0000002266a00000)]
  0x00000152519fe5b0 JavaThread "Unconstrained build operations Thread 8" [_thread_blocked, id=7748, stack(0x0000002266a00000,0x0000002266b00000)]
  0x0000015251a03c50 JavaThread "Unconstrained build operations Thread 9" [_thread_blocked, id=3936, stack(0x0000002266b00000,0x0000002266c00000)]
  0x0000015251a015d0 JavaThread "Unconstrained build operations Thread 10" [_thread_blocked, id=8104, stack(0x0000002266c00000,0x0000002266d00000)]
  0x0000015251a00760 JavaThread "Unconstrained build operations Thread 11" [_thread_blocked, id=6280, stack(0x0000002266d00000,0x0000002266e00000)]
  0x00000152519fea80 JavaThread "Unconstrained build operations Thread 12" [_thread_blocked, id=2256, stack(0x0000002266e00000,0x0000002266f00000)]
  0x0000015251a02440 JavaThread "Unconstrained build operations Thread 13" [_thread_blocked, id=9988, stack(0x0000002266f00000,0x0000002267000000)]
  0x0000015251a01f70 JavaThread "Unconstrained build operations Thread 14" [_thread_blocked, id=6220, stack(0x0000002267000000,0x0000002267100000)]
  0x0000015251a04f90 JavaThread "Unconstrained build operations Thread 15" [_thread_blocked, id=2788, stack(0x0000002267100000,0x0000002267200000)]
  0x0000015251a04120 JavaThread "Unconstrained build operations Thread 16" [_thread_blocked, id=1512, stack(0x0000002267200000,0x0000002267300000)]
  0x0000015251a02910 JavaThread "Unconstrained build operations Thread 17" [_thread_blocked, id=3476, stack(0x0000002267300000,0x0000002267400000)]
  0x0000015251a02de0 JavaThread "Unconstrained build operations Thread 18" [_thread_blocked, id=9624, stack(0x0000002267400000,0x0000002267500000)]
  0x0000015251a045f0 JavaThread "Unconstrained build operations Thread 19" [_thread_blocked, id=5960, stack(0x0000002267500000,0x0000002267600000)]
  0x00000152519fdc10 JavaThread "Unconstrained build operations Thread 20" [_thread_blocked, id=8176, stack(0x0000002267600000,0x0000002267700000)]
  0x0000015251a04ac0 JavaThread "Unconstrained build operations Thread 21" [_thread_blocked, id=1916, stack(0x0000002267700000,0x0000002267800000)]
  0x0000015251a05460 JavaThread "Unconstrained build operations Thread 22" [_thread_blocked, id=1108, stack(0x0000002267800000,0x0000002267900000)]
  0x00000152519fe0e0 JavaThread "Unconstrained build operations Thread 23" [_thread_blocked, id=6556, stack(0x0000002267900000,0x0000002267a00000)]
  0x0000015253441e30 JavaThread "Unconstrained build operations Thread 24" [_thread_blocked, id=9984, stack(0x0000002267a00000,0x0000002267b00000)]
  0x000001525305a6c0 JavaThread "Unconstrained build operations Thread 25" [_thread_blocked, id=3136, stack(0x0000002267b00000,0x0000002267c00000)]
  0x000001525305ea20 JavaThread "Unconstrained build operations Thread 26" [_thread_blocked, id=8576, stack(0x0000002267c00000,0x0000002267d00000)]
  0x000001525305f890 JavaThread "Unconstrained build operations Thread 27" [_thread_blocked, id=1372, stack(0x0000002267d00000,0x0000002267e00000)]
  0x000001525305c870 JavaThread "Unconstrained build operations Thread 28" [_thread_blocked, id=2840, stack(0x0000002267e00000,0x0000002267f00000)]
  0x000001525305ba00 JavaThread "Unconstrained build operations Thread 29" [_thread_blocked, id=3616, stack(0x0000002267f00000,0x0000002268000000)]
  0x000001525305cd40 JavaThread "Unconstrained build operations Thread 30" [_thread_blocked, id=7072, stack(0x0000002268000000,0x0000002268100000)]
  0x0000015253058510 JavaThread "Unconstrained build operations Thread 31" [_thread_blocked, id=9944, stack(0x0000002268100000,0x0000002268200000)]
  0x000001525305d210 JavaThread "Unconstrained build operations Thread 32" [_thread_blocked, id=2896, stack(0x0000002268200000,0x0000002268300000)]
  0x0000015253059380 JavaThread "Unconstrained build operations Thread 33" [_thread_blocked, id=9696, stack(0x0000002268300000,0x0000002268400000)]
  0x00000152530589e0 JavaThread "Unconstrained build operations Thread 34" [_thread_blocked, id=3088, stack(0x0000002268400000,0x0000002268500000)]
  0x000001525305eef0 JavaThread "Unconstrained build operations Thread 35" [_thread_blocked, id=4348, stack(0x0000002268500000,0x0000002268600000)]
  0x0000015253059850 JavaThread "Unconstrained build operations Thread 36" [_thread_blocked, id=6460, stack(0x0000002268600000,0x0000002268700000)]
  0x0000015253058040 JavaThread "Unconstrained build operations Thread 37" [_thread_blocked, id=7076, stack(0x0000002268700000,0x0000002268800000)]
  0x000001525305e080 JavaThread "Unconstrained build operations Thread 38" [_thread_blocked, id=8788, stack(0x0000002268800000,0x0000002268900000)]
  0x0000015253059d20 JavaThread "Unconstrained build operations Thread 39" [_thread_blocked, id=6308, stack(0x0000002268900000,0x0000002268a00000)]
  0x000001525305dbb0 JavaThread "Unconstrained build operations Thread 40" [_thread_blocked, id=2516, stack(0x0000002268a00000,0x0000002268b00000)]
  0x000001525305b060 JavaThread "jar transforms Thread 4" [_thread_blocked, id=5748, stack(0x0000002268b00000,0x0000002268c00000)]
  0x000001525305e550 JavaThread "Memory manager" [_thread_blocked, id=2676, stack(0x0000002268c00000,0x0000002268d00000)]
  0x000001525305ab90 JavaThread "build event listener" [_thread_blocked, id=7792, stack(0x0000002268d00000,0x0000002268e00000)]
  0x000001525305bed0 JavaThread "build event listener" [_thread_blocked, id=1580, stack(0x0000002268e00000,0x0000002268f00000)]
  0x000001525584a730 JavaThread "Execution worker for ':'" [_thread_blocked, id=8948, stack(0x0000002268f00000,0x0000002269000000)]
  0x0000015255847710 JavaThread "Execution worker for ':' Thread 2" [_thread_blocked, id=7352, stack(0x0000002269000000,0x0000002269100000)]
  0x00000152558498c0 JavaThread "Execution worker for ':' Thread 3" [_thread_blocked, id=2124, stack(0x0000002269100000,0x0000002269200000)]
  0x0000015255848a50 JavaThread "Cache worker for execution history cache (D:\Documents\Projects\speedchecker-sdk-android-demo-app\.gradle\7.2\executionHistory)" [_thread_blocked, id=5788, stack(0x0000002269200000,0x0000002269300000)]
  0x000001525584ac00 JavaThread "WorkerExecutor Queue" [_thread_blocked, id=5632, stack(0x0000002269300000,0x0000002269400000)]
  0x0000015255849d90 JavaThread "WorkerExecutor Queue Thread 2" [_thread_blocked, id=800, stack(0x0000002262c00000,0x0000002262d00000)]
  0x000001525584b0d0 JavaThread "WorkerExecutor Queue Thread 3" [_thread_blocked, id=9884, stack(0x0000002262d00000,0x0000002262e00000)]
  0x0000015255848580 JavaThread "Java2D Disposer" daemon [_thread_blocked, id=7592, stack(0x0000002269400000,0x0000002269500000)]
  0x000001525138b970 JavaThread "pool-3-thread-1" [_thread_blocked, id=8564, stack(0x0000002269800000,0x0000002269900000)]
  0x000001525138ccb0 JavaThread "stderr" [_thread_in_native, id=8088, stack(0x0000002269900000,0x0000002269a00000)]
  0x000001525138c7e0 JavaThread "stdout" [_thread_in_native, id=2608, stack(0x0000002269a00000,0x0000002269b00000)]
  0x0000015251387fb0 JavaThread "stderr" [_thread_in_native, id=2176, stack(0x0000002269b00000,0x0000002269c00000)]
  0x000001525138ab00 JavaThread "stdout" [_thread_in_native, id=1956, stack(0x0000002269c00000,0x0000002269d00000)]
  0x00000152558480b0 JavaThread "RMI Scheduler(0)" daemon [_thread_blocked, id=5640, stack(0x0000002262b00000,0x0000002262c00000)]
  0x000001524e1c48e0 JavaThread "RMI GC Daemon" daemon [_thread_blocked, id=8076, stack(0x0000002269d00000,0x0000002269e00000)]
  0x000001524e1c6f60 JavaThread "RMI TCP Accept-0" daemon [_thread_in_native, id=9380, stack(0x0000002269e00000,0x0000002269f00000)]
  0x000001524e1c82a0 JavaThread "RMI Reaper" [_thread_blocked, id=5484, stack(0x0000002269f00000,0x000000226a000000)]
  0x000001524e1c30d0 JavaThread "RMI TCP Connection(idle)" daemon [_thread_blocked, id=3824, stack(0x000000226a100000,0x000000226a200000)]
  0x000001524e1c95e0 JavaThread "Cache worker for Java compile cache (C:\Users\baelde\.gradle\caches\7.2\javaCompile)" [_thread_blocked, id=8540, stack(0x0000002265000000,0x0000002265100000)]
  0x000001524e1c9f80 JavaThread "Build operations" [_thread_blocked, id=7808, stack(0x000000226a200000,0x000000226a300000)]
  0x000001524e1c9ab0 JavaThread "Build operations Thread 2" [_thread_blocked, id=8996, stack(0x000000226a300000,0x000000226a400000)]
  0x000001524e1c60f0 JavaThread "Build operations Thread 3" [_thread_blocked, id=6032, stack(0x000000226a400000,0x000000226a500000)]
  0x000001524e1c4410 JavaThread "Build operations Thread 4" [_thread_blocked, id=5768, stack(0x000000226a500000,0x000000226a600000)]
  0x000001524e1c7dd0 JavaThread "WorkerExecutor Queue Thread 5" [_thread_blocked, id=9336, stack(0x000000226a000000,0x000000226a100000)]

Other Threads:
=>0x000001524b09e1f0 VMThread "VM Thread" [stack: 0x0000002263500000,0x0000002263600000] [id=9344]
  0x000001524af169d0 WatcherThread [stack: 0x0000002264100000,0x0000002264200000] [id=8752]
  0x0000015230eccf00 GCTaskThread "GC Thread#0" [stack: 0x0000002263000000,0x0000002263100000] [id=9932]
  0x000001524e8fe840 GCTaskThread "GC Thread#1" [stack: 0x0000002264200000,0x0000002264300000] [id=4656]
  0x000001524e8ddf00 GCTaskThread "GC Thread#2" [stack: 0x0000002264300000,0x0000002264400000] [id=2452]
  0x000001524e952020 GCTaskThread "GC Thread#3" [stack: 0x0000002264400000,0x0000002264500000] [id=4124]
  0x0000015230edbcc0 ConcurrentGCThread "G1 Main Marker" [stack: 0x0000002263100000,0x0000002263200000] [id=7728]
  0x0000015230edcc20 ConcurrentGCThread "G1 Conc#0" [stack: 0x0000002263200000,0x0000002263300000] [id=5808]
  0x000001524af4e1b0 ConcurrentGCThread "G1 Refine#0" [stack: 0x0000002263300000,0x0000002263400000] [id=9164]
  0x000001524e2fb400 ConcurrentGCThread "G1 Refine#1" [stack: 0x0000002265100000,0x0000002265200000] [id=9428]
  0x0000015251fbc090 ConcurrentGCThread "G1 Refine#2" [stack: 0x0000002265e00000,0x0000002265f00000] [id=8932]
  0x000001524af4e980 ConcurrentGCThread "G1 Service" [stack: 0x0000002263400000,0x0000002263500000] [id=5684]

Threads with active compile tasks:
C2 CompilerThread0   110206 24532 %     4       com.android.tools.r8.internal.mH0::a @ 80 (6068 bytes)

VM state: at safepoint (normal execution)

VM Mutex/Monitor currently owned by a thread:  ([mutex/lock_event])
[0x0000015230e92080] Threads_lock - owner thread: 0x000001524b09e1f0
[0x0000015230e911e0] Heap_lock - owner thread: 0x00000152519fe5b0

Heap address: 0x00000000a0000000, size: 1536 MB, Compressed Oops mode: 32-bit

CDS archive(s) mapped at: [0x0000000800000000-0x0000000800bc0000-0x0000000800bc0000), size 12320768, SharedBaseAddress: 0x0000000800000000, ArchiveRelocationMode: 0.
Compressed class space mapped at: 0x0000000800c00000-0x0000000840c00000, reserved size: 1073741824
Narrow klass base: 0x0000000800000000, Narrow klass shift: 0, Narrow klass range: 0x100000000

GC Precious Log:
 CPUs: 4 total, 4 available
 Memory: 3964M
 Large Page Support: Disabled
 NUMA Support: Disabled
 Compressed Oops: Enabled (32-bit)
 Heap Region Size: 1M
 Heap Min Capacity: 8M
 Heap Initial Capacity: 62M
 Heap Max Capacity: 1536M
 Pre-touch: Disabled
 Parallel Workers: 4
 Concurrent Workers: 1
 Concurrent Refinement Workers: 4
 Periodic GC: Disabled

Heap:
 garbage-first heap   total 279552K, used 206621K [0x00000000a0000000, 0x0000000100000000)
  region size 1024K, 3 young (3072K), 3 survivors (3072K)
 Metaspace       used 127810K, committed 128512K, reserved 1163264K
  class space    used 16484K, committed 16832K, reserved 1048576K

Heap Regions: E=young(eden), S=young(survivor), O=old, HS=humongous(starts), HC=humongous(continues), CS=collection set, F=free, OA=open archive, CA=closed archive, TAMS=top-at-mark-start (previous, next)
|   0|0x00000000a0000000, 0x00000000a0100000, 0x00000000a0100000|100%|HS|  |TAMS 0x00000000a0100000, 0x00000000a0000000| Complete 
|   1|0x00000000a0100000, 0x00000000a0200000, 0x00000000a0200000|100%|HC|  |TAMS 0x00000000a0200000, 0x00000000a0100000| Complete 
|   2|0x00000000a0200000, 0x00000000a0300000, 0x00000000a0300000|100%|HC|  |TAMS 0x00000000a0300000, 0x00000000a0200000| Complete 
|   3|0x00000000a0300000, 0x00000000a0400000, 0x00000000a0400000|100%| O|  |TAMS 0x00000000a0400000, 0x00000000a0300000| Untracked 
|   4|0x00000000a0400000, 0x00000000a0500000, 0x00000000a0500000|100%| O|  |TAMS 0x00000000a0500000, 0x00000000a0400000| Untracked 
|   5|0x00000000a0500000, 0x00000000a0600000, 0x00000000a0600000|100%| O|  |TAMS 0x00000000a0600000, 0x00000000a0500000| Untracked 
|   6|0x00000000a0600000, 0x00000000a0700000, 0x00000000a0700000|100%| O|  |TAMS 0x00000000a0700000, 0x00000000a0600000| Untracked 
|   7|0x00000000a0700000, 0x00000000a0800000, 0x00000000a0800000|100%| O|  |TAMS 0x00000000a0800000, 0x00000000a0700000| Untracked 
|   8|0x00000000a0800000, 0x00000000a0900000, 0x00000000a0900000|100%| O|  |TAMS 0x00000000a0900000, 0x00000000a0800000| Untracked 
|   9|0x00000000a0900000, 0x00000000a0a00000, 0x00000000a0a00000|100%| O|  |TAMS 0x00000000a0a00000, 0x00000000a0900000| Untracked 
|  10|0x00000000a0a00000, 0x00000000a0b00000, 0x00000000a0b00000|100%| O|  |TAMS 0x00000000a0b00000, 0x00000000a0a00000| Untracked 
|  11|0x00000000a0b00000, 0x00000000a0c00000, 0x00000000a0c00000|100%| O|  |TAMS 0x00000000a0c00000, 0x00000000a0b00000| Untracked 
|  12|0x00000000a0c00000, 0x00000000a0d00000, 0x00000000a0d00000|100%| O|  |TAMS 0x00000000a0d00000, 0x00000000a0c00000| Untracked 
|  13|0x00000000a0d00000, 0x00000000a0e00000, 0x00000000a0e00000|100%| O|  |TAMS 0x00000000a0e00000, 0x00000000a0d00000| Untracked 
|  14|0x00000000a0e00000, 0x00000000a0f00000, 0x00000000a0f00000|100%| O|  |TAMS 0x00000000a0f00000, 0x00000000a0e00000| Untracked 
|  15|0x00000000a0f00000, 0x00000000a1000000, 0x00000000a1000000|100%| O|  |TAMS 0x00000000a1000000, 0x00000000a0f00000| Untracked 
|  16|0x00000000a1000000, 0x00000000a1100000, 0x00000000a1100000|100%| O|  |TAMS 0x00000000a1100000, 0x00000000a1000000| Untracked 
|  17|0x00000000a1100000, 0x00000000a1200000, 0x00000000a1200000|100%| O|  |TAMS 0x00000000a1200000, 0x00000000a1100000| Untracked 
|  18|0x00000000a1200000, 0x00000000a1300000, 0x00000000a1300000|100%| O|  |TAMS 0x00000000a1300000, 0x00000000a1200000| Untracked 
|  19|0x00000000a1300000, 0x00000000a1400000, 0x00000000a1400000|100%| O|  |TAMS 0x00000000a1400000, 0x00000000a1300000| Untracked 
|  20|0x00000000a1400000, 0x00000000a1500000, 0x00000000a1500000|100%| O|  |TAMS 0x00000000a1500000, 0x00000000a1400000| Untracked 
|  21|0x00000000a1500000, 0x00000000a1600000, 0x00000000a1600000|100%| O|  |TAMS 0x00000000a1600000, 0x00000000a1500000| Untracked 
|  22|0x00000000a1600000, 0x00000000a1700000, 0x00000000a1700000|100%| O|  |TAMS 0x00000000a1700000, 0x00000000a1600000| Untracked 
|  23|0x00000000a1700000, 0x00000000a1800000, 0x00000000a1800000|100%| O|  |TAMS 0x00000000a1800000, 0x00000000a1700000| Untracked 
|  24|0x00000000a1800000, 0x00000000a1900000, 0x00000000a1900000|100%| O|  |TAMS 0x00000000a1900000, 0x00000000a1800000| Untracked 
|  25|0x00000000a1900000, 0x00000000a1a00000, 0x00000000a1a00000|100%| O|  |TAMS 0x00000000a1a00000, 0x00000000a1900000| Untracked 
|  26|0x00000000a1a00000, 0x00000000a1b00000, 0x00000000a1b00000|100%| O|  |TAMS 0x00000000a1a75800, 0x00000000a1a00000| Untracked 
|  27|0x00000000a1b00000, 0x00000000a1c00000, 0x00000000a1c00000|100%|HS|  |TAMS 0x00000000a1c00000, 0x00000000a1b00000| Complete 
|  28|0x00000000a1c00000, 0x00000000a1d00000, 0x00000000a1d00000|100%|HS|  |TAMS 0x00000000a1d00000, 0x00000000a1c00000| Complete 
|  29|0x00000000a1d00000, 0x00000000a1e00000, 0x00000000a1e00000|100%|HS|  |TAMS 0x00000000a1e00000, 0x00000000a1d00000| Complete 
|  30|0x00000000a1e00000, 0x00000000a1f00000, 0x00000000a1f00000|100%|HS|  |TAMS 0x00000000a1f00000, 0x00000000a1e00000| Complete 
|  31|0x00000000a1f00000, 0x00000000a2000000, 0x00000000a2000000|100%|HS|  |TAMS 0x00000000a2000000, 0x00000000a1f00000| Complete 
|  32|0x00000000a2000000, 0x00000000a2100000, 0x00000000a2100000|100%|HC|  |TAMS 0x00000000a2100000, 0x00000000a2000000| Complete 
|  33|0x00000000a2100000, 0x00000000a2200000, 0x00000000a2200000|100%|HC|  |TAMS 0x00000000a2200000, 0x00000000a2100000| Complete 
|  34|0x00000000a2200000, 0x00000000a2300000, 0x00000000a2300000|100%|HS|  |TAMS 0x00000000a2300000, 0x00000000a2200000| Complete 
|  35|0x00000000a2300000, 0x00000000a2400000, 0x00000000a2400000|100%|HC|  |TAMS 0x00000000a2400000, 0x00000000a2300000| Complete 
|  36|0x00000000a2400000, 0x00000000a2500000, 0x00000000a2500000|100%| O|  |TAMS 0x00000000a2500000, 0x00000000a2400000| Untracked 
|  37|0x00000000a2500000, 0x00000000a2600000, 0x00000000a2600000|100%| O|  |TAMS 0x00000000a2600000, 0x00000000a2500000| Untracked 
|  38|0x00000000a2600000, 0x00000000a2700000, 0x00000000a2700000|100%| O|  |TAMS 0x00000000a2700000, 0x00000000a2600000| Untracked 
|  39|0x00000000a2700000, 0x00000000a2800000, 0x00000000a2800000|100%| O|  |TAMS 0x00000000a2800000, 0x00000000a2700000| Untracked 
|  40|0x00000000a2800000, 0x00000000a2900000, 0x00000000a2900000|100%| O|  |TAMS 0x00000000a2900000, 0x00000000a2800000| Untracked 
|  41|0x00000000a2900000, 0x00000000a2a00000, 0x00000000a2a00000|100%| O|  |TAMS 0x00000000a2a00000, 0x00000000a2900000| Untracked 
|  42|0x00000000a2a00000, 0x00000000a2b00000, 0x00000000a2b00000|100%| O|  |TAMS 0x00000000a2b00000, 0x00000000a2a00000| Untracked 
|  43|0x00000000a2b00000, 0x00000000a2c00000, 0x00000000a2c00000|100%| O|  |TAMS 0x00000000a2c00000, 0x00000000a2b00000| Untracked 
|  44|0x00000000a2c00000, 0x00000000a2d00000, 0x00000000a2d00000|100%| O|  |TAMS 0x00000000a2d00000, 0x00000000a2c00000| Untracked 
|  45|0x00000000a2d00000, 0x00000000a2e00000, 0x00000000a2e00000|100%| O|  |TAMS 0x00000000a2e00000, 0x00000000a2d00000| Untracked 
|  46|0x00000000a2e00000, 0x00000000a2f00000, 0x00000000a2f00000|100%| O|  |TAMS 0x00000000a2f00000, 0x00000000a2e00000| Untracked 
|  47|0x00000000a2f00000, 0x00000000a3000000, 0x00000000a3000000|100%| O|  |TAMS 0x00000000a3000000, 0x00000000a2f00000| Untracked 
|  48|0x00000000a3000000, 0x00000000a3100000, 0x00000000a3100000|100%| O|  |TAMS 0x00000000a3100000, 0x00000000a3000000| Untracked 
|  49|0x00000000a3100000, 0x00000000a3200000, 0x00000000a3200000|100%| O|  |TAMS 0x00000000a3200000, 0x00000000a3100000| Untracked 
|  50|0x00000000a3200000, 0x00000000a3300000, 0x00000000a3300000|100%| O|  |TAMS 0x00000000a3300000, 0x00000000a3200000| Untracked 
|  51|0x00000000a3300000, 0x00000000a3400000, 0x00000000a3400000|100%| O|  |TAMS 0x00000000a3400000, 0x00000000a3300000| Untracked 
|  52|0x00000000a3400000, 0x00000000a3500000, 0x00000000a3500000|100%| O|  |TAMS 0x00000000a3500000, 0x00000000a3400000| Untracked 
|  53|0x00000000a3500000, 0x00000000a3600000, 0x00000000a3600000|100%| O|  |TAMS 0x00000000a3600000, 0x00000000a3500000| Untracked 
|  54|0x00000000a3600000, 0x00000000a3700000, 0x00000000a3700000|100%| O|  |TAMS 0x00000000a3700000, 0x00000000a3600000| Untracked 
|  55|0x00000000a3700000, 0x00000000a3800000, 0x00000000a3800000|100%| O|  |TAMS 0x00000000a3800000, 0x00000000a3700000| Untracked 
|  56|0x00000000a3800000, 0x00000000a3900000, 0x00000000a3900000|100%| O|  |TAMS 0x00000000a3900000, 0x00000000a3800000| Untracked 
|  57|0x00000000a3900000, 0x00000000a3a00000, 0x00000000a3a00000|100%| O|  |TAMS 0x00000000a3a00000, 0x00000000a3900000| Untracked 
|  58|0x00000000a3a00000, 0x00000000a3b00000, 0x00000000a3b00000|100%| O|  |TAMS 0x00000000a3b00000, 0x00000000a3a00000| Untracked 
|  59|0x00000000a3b00000, 0x00000000a3c00000, 0x00000000a3c00000|100%| O|  |TAMS 0x00000000a3c00000, 0x00000000a3b00000| Untracked 
|  60|0x00000000a3c00000, 0x00000000a3d00000, 0x00000000a3d00000|100%| O|  |TAMS 0x00000000a3d00000, 0x00000000a3c00000| Untracked 
|  61|0x00000000a3d00000, 0x00000000a3e00000, 0x00000000a3e00000|100%| O|  |TAMS 0x00000000a3e00000, 0x00000000a3d00000| Untracked 
|  62|0x00000000a3e00000, 0x00000000a3f00000, 0x00000000a3f00000|100%| O|  |TAMS 0x00000000a3f00000, 0x00000000a3e00000| Untracked 
|  63|0x00000000a3f00000, 0x00000000a4000000, 0x00000000a4000000|100%| O|  |TAMS 0x00000000a4000000, 0x00000000a3f00000| Untracked 
|  64|0x00000000a4000000, 0x00000000a4100000, 0x00000000a4100000|100%| O|  |TAMS 0x00000000a4100000, 0x00000000a4000000| Untracked 
|  65|0x00000000a4100000, 0x00000000a4200000, 0x00000000a4200000|100%| O|  |TAMS 0x00000000a4200000, 0x00000000a4100000| Untracked 
|  66|0x00000000a4200000, 0x00000000a4300000, 0x00000000a4300000|100%| O|  |TAMS 0x00000000a4300000, 0x00000000a4200000| Untracked 
|  67|0x00000000a4300000, 0x00000000a4400000, 0x00000000a4400000|100%| O|  |TAMS 0x00000000a4400000, 0x00000000a4300000| Untracked 
|  68|0x00000000a4400000, 0x00000000a4500000, 0x00000000a4500000|100%| O|  |TAMS 0x00000000a4500000, 0x00000000a4400000| Untracked 
|  69|0x00000000a4500000, 0x00000000a4600000, 0x00000000a4600000|100%| O|  |TAMS 0x00000000a4600000, 0x00000000a4500000| Untracked 
|  70|0x00000000a4600000, 0x00000000a4700000, 0x00000000a4700000|100%| O|  |TAMS 0x00000000a4700000, 0x00000000a4600000| Untracked 
|  71|0x00000000a4700000, 0x00000000a4800000, 0x00000000a4800000|100%| O|  |TAMS 0x00000000a4800000, 0x00000000a4700000| Untracked 
|  72|0x00000000a4800000, 0x00000000a4900000, 0x00000000a4900000|100%| O|  |TAMS 0x00000000a4900000, 0x00000000a4800000| Untracked 
|  73|0x00000000a4900000, 0x00000000a4a00000, 0x00000000a4a00000|100%| O|  |TAMS 0x00000000a4a00000, 0x00000000a4900000| Untracked 
|  74|0x00000000a4a00000, 0x00000000a4b00000, 0x00000000a4b00000|100%| O|  |TAMS 0x00000000a4b00000, 0x00000000a4a00000| Untracked 
|  75|0x00000000a4b00000, 0x00000000a4c00000, 0x00000000a4c00000|100%| O|  |TAMS 0x00000000a4c00000, 0x00000000a4b00000| Untracked 
|  76|0x00000000a4c00000, 0x00000000a4d00000, 0x00000000a4d00000|100%| O|  |TAMS 0x00000000a4d00000, 0x00000000a4c00000| Untracked 
|  77|0x00000000a4d00000, 0x00000000a4e00000, 0x00000000a4e00000|100%| O|  |TAMS 0x00000000a4d00000, 0x00000000a4d00000| Untracked 
|  78|0x00000000a4e00000, 0x00000000a4f00000, 0x00000000a4f00000|100%| O|  |TAMS 0x00000000a4e00000, 0x00000000a4e00000| Untracked 
|  79|0x00000000a4f00000, 0x00000000a5000000, 0x00000000a5000000|100%| O|  |TAMS 0x00000000a4f00000, 0x00000000a4f00000| Untracked 
|  80|0x00000000a5000000, 0x00000000a5100000, 0x00000000a5100000|100%| O|  |TAMS 0x00000000a5000000, 0x00000000a5000000| Untracked 
|  81|0x00000000a5100000, 0x00000000a5200000, 0x00000000a5200000|100%| O|  |TAMS 0x00000000a5100000, 0x00000000a5100000| Untracked 
|  82|0x00000000a5200000, 0x00000000a5300000, 0x00000000a5300000|100%| O|  |TAMS 0x00000000a5200000, 0x00000000a5200000| Untracked 
|  83|0x00000000a5300000, 0x00000000a5400000, 0x00000000a5400000|100%| O|  |TAMS 0x00000000a5300000, 0x00000000a5300000| Untracked 
|  84|0x00000000a5400000, 0x00000000a5500000, 0x00000000a5500000|100%|HS|  |TAMS 0x00000000a5500000, 0x00000000a5400000| Complete 
|  85|0x00000000a5500000, 0x00000000a5600000, 0x00000000a5600000|100%| O|  |TAMS 0x00000000a5600000, 0x00000000a5500000| Untracked 
|  86|0x00000000a5600000, 0x00000000a5700000, 0x00000000a5700000|100%| O|  |TAMS 0x00000000a5700000, 0x00000000a5600000| Untracked 
|  87|0x00000000a5700000, 0x00000000a5800000, 0x00000000a5800000|100%| O|  |TAMS 0x00000000a5800000, 0x00000000a5700000| Untracked 
|  88|0x00000000a5800000, 0x00000000a5900000, 0x00000000a5900000|100%| O|  |TAMS 0x00000000a5900000, 0x00000000a5800000| Untracked 
|  89|0x00000000a5900000, 0x00000000a5a00000, 0x00000000a5a00000|100%| O|  |TAMS 0x00000000a5a00000, 0x00000000a5900000| Untracked 
|  90|0x00000000a5a00000, 0x00000000a5b00000, 0x00000000a5b00000|100%| O|  |TAMS 0x00000000a5b00000, 0x00000000a5a00000| Untracked 
|  91|0x00000000a5b00000, 0x00000000a5c00000, 0x00000000a5c00000|100%| O|  |TAMS 0x00000000a5c00000, 0x00000000a5b00000| Untracked 
|  92|0x00000000a5c00000, 0x00000000a5d00000, 0x00000000a5d00000|100%| O|  |TAMS 0x00000000a5d00000, 0x00000000a5c00000| Untracked 
|  93|0x00000000a5d00000, 0x00000000a5e00000, 0x00000000a5e00000|100%| O|  |TAMS 0x00000000a5e00000, 0x00000000a5d00000| Untracked 
|  94|0x00000000a5e00000, 0x00000000a5f00000, 0x00000000a5f00000|100%| O|  |TAMS 0x00000000a5f00000, 0x00000000a5e00000| Untracked 
|  95|0x00000000a5f00000, 0x00000000a6000000, 0x00000000a6000000|100%| O|  |TAMS 0x00000000a6000000, 0x00000000a5f00000| Untracked 
|  96|0x00000000a6000000, 0x00000000a6100000, 0x00000000a6100000|100%| O|  |TAMS 0x00000000a6100000, 0x00000000a6000000| Untracked 
|  97|0x00000000a6100000, 0x00000000a6200000, 0x00000000a6200000|100%| O|  |TAMS 0x00000000a6200000, 0x00000000a6100000| Untracked 
|  98|0x00000000a6200000, 0x00000000a6300000, 0x00000000a6300000|100%| O|  |TAMS 0x00000000a6200000, 0x00000000a6200000| Untracked 
|  99|0x00000000a6300000, 0x00000000a6400000, 0x00000000a6400000|100%| O|  |TAMS 0x00000000a6300000, 0x00000000a6300000| Untracked 
| 100|0x00000000a6400000, 0x00000000a6500000, 0x00000000a6500000|100%| O|  |TAMS 0x00000000a6500000, 0x00000000a6400000| Untracked 
| 101|0x00000000a6500000, 0x00000000a6600000, 0x00000000a6600000|100%| O|  |TAMS 0x00000000a6600000, 0x00000000a6500000| Untracked 
| 102|0x00000000a6600000, 0x00000000a6700000, 0x00000000a6700000|100%| O|  |TAMS 0x00000000a6600000, 0x00000000a6600000| Untracked 
| 103|0x00000000a6700000, 0x00000000a6800000, 0x00000000a6800000|100%| O|  |TAMS 0x00000000a6800000, 0x00000000a6700000| Untracked 
| 104|0x00000000a6800000, 0x00000000a6900000, 0x00000000a6900000|100%| O|  |TAMS 0x00000000a6900000, 0x00000000a6800000| Untracked 
| 105|0x00000000a6900000, 0x00000000a6a00000, 0x00000000a6a00000|100%| O|  |TAMS 0x00000000a6a00000, 0x00000000a6900000| Untracked 
| 106|0x00000000a6a00000, 0x00000000a6b00000, 0x00000000a6b00000|100%| O|  |TAMS 0x00000000a6a00000, 0x00000000a6a00000| Untracked 
| 107|0x00000000a6b00000, 0x00000000a6c00000, 0x00000000a6c00000|100%| O|  |TAMS 0x00000000a6b00000, 0x00000000a6b00000| Untracked 
| 108|0x00000000a6c00000, 0x00000000a6d00000, 0x00000000a6d00000|100%| O|  |TAMS 0x00000000a6c00000, 0x00000000a6c00000| Untracked 
| 109|0x00000000a6d00000, 0x00000000a6e00000, 0x00000000a6e00000|100%| O|  |TAMS 0x00000000a6d00000, 0x00000000a6d00000| Untracked 
| 110|0x00000000a6e00000, 0x00000000a6f00000, 0x00000000a6f00000|100%| O|  |TAMS 0x00000000a6f00000, 0x00000000a6e00000| Untracked 
| 111|0x00000000a6f00000, 0x00000000a7000000, 0x00000000a7000000|100%| O|  |TAMS 0x00000000a7000000, 0x00000000a6f00000| Untracked 
| 112|0x00000000a7000000, 0x00000000a7100000, 0x00000000a7100000|100%| O|  |TAMS 0x00000000a7000000, 0x00000000a7000000| Untracked 
| 113|0x00000000a7100000, 0x00000000a7200000, 0x00000000a7200000|100%| O|  |TAMS 0x00000000a7100000, 0x00000000a7100000| Untracked 
| 114|0x00000000a7200000, 0x00000000a7300000, 0x00000000a7300000|100%| O|  |TAMS 0x00000000a7200000, 0x00000000a7200000| Untracked 
| 115|0x00000000a7300000, 0x00000000a7400000, 0x00000000a7400000|100%| O|  |TAMS 0x00000000a7300000, 0x00000000a7300000| Untracked 
| 116|0x00000000a7400000, 0x00000000a7500000, 0x00000000a7500000|100%| O|  |TAMS 0x00000000a7400000, 0x00000000a7400000| Untracked 
| 117|0x00000000a7500000, 0x00000000a7600000, 0x00000000a7600000|100%| O|  |TAMS 0x00000000a7500000, 0x00000000a7500000| Untracked 
| 118|0x00000000a7600000, 0x00000000a7700000, 0x00000000a7700000|100%| O|  |TAMS 0x00000000a7600000, 0x00000000a7600000| Untracked 
| 119|0x00000000a7700000, 0x00000000a7800000, 0x00000000a7800000|100%| O|  |TAMS 0x00000000a7700000, 0x00000000a7700000| Untracked 
| 120|0x00000000a7800000, 0x00000000a7900000, 0x00000000a7900000|100%| O|  |TAMS 0x00000000a7800000, 0x00000000a7800000| Untracked 
| 121|0x00000000a7900000, 0x00000000a7a00000, 0x00000000a7a00000|100%| O|  |TAMS 0x00000000a7900000, 0x00000000a7900000| Untracked 
| 122|0x00000000a7a00000, 0x00000000a7b00000, 0x00000000a7b00000|100%| O|  |TAMS 0x00000000a7a00000, 0x00000000a7a00000| Untracked 
| 123|0x00000000a7b00000, 0x00000000a7c00000, 0x00000000a7c00000|100%| O|  |TAMS 0x00000000a7b00000, 0x00000000a7b00000| Untracked 
| 124|0x00000000a7c00000, 0x00000000a7d00000, 0x00000000a7d00000|100%| O|  |TAMS 0x00000000a7c00000, 0x00000000a7c00000| Untracked 
| 125|0x00000000a7d00000, 0x00000000a7e00000, 0x00000000a7e00000|100%|HS|  |TAMS 0x00000000a7d00000, 0x00000000a7d00000| Complete 
| 126|0x00000000a7e00000, 0x00000000a7f00000, 0x00000000a7f00000|100%|HC|  |TAMS 0x00000000a7e00000, 0x00000000a7e00000| Complete 
| 127|0x00000000a7f00000, 0x00000000a8000000, 0x00000000a8000000|100%| O|  |TAMS 0x00000000a7f00000, 0x00000000a7f00000| Untracked 
| 128|0x00000000a8000000, 0x00000000a8100000, 0x00000000a8100000|100%| O|  |TAMS 0x00000000a8000000, 0x00000000a8000000| Untracked 
| 129|0x00000000a8100000, 0x00000000a8200000, 0x00000000a8200000|100%| O|  |TAMS 0x00000000a8100000, 0x00000000a8100000| Untracked 
| 130|0x00000000a8200000, 0x00000000a8300000, 0x00000000a8300000|100%| O|  |TAMS 0x00000000a8200000, 0x00000000a8200000| Untracked 
| 131|0x00000000a8300000, 0x00000000a8400000, 0x00000000a8400000|100%| O|  |TAMS 0x00000000a8300000, 0x00000000a8300000| Untracked 
| 132|0x00000000a8400000, 0x00000000a8500000, 0x00000000a8500000|100%| O|  |TAMS 0x00000000a8400000, 0x00000000a8400000| Untracked 
| 133|0x00000000a8500000, 0x00000000a8600000, 0x00000000a8600000|100%| O|  |TAMS 0x00000000a8500000, 0x00000000a8500000| Untracked 
| 134|0x00000000a8600000, 0x00000000a8700000, 0x00000000a8700000|100%| O|  |TAMS 0x00000000a8600000, 0x00000000a8600000| Untracked 
| 135|0x00000000a8700000, 0x00000000a8800000, 0x00000000a8800000|100%| O|  |TAMS 0x00000000a8700000, 0x00000000a8700000| Untracked 
| 136|0x00000000a8800000, 0x00000000a8900000, 0x00000000a8900000|100%| O|  |TAMS 0x00000000a8800000, 0x00000000a8800000| Untracked 
| 137|0x00000000a8900000, 0x00000000a8a00000, 0x00000000a8a00000|100%| O|  |TAMS 0x00000000a8900000, 0x00000000a8900000| Untracked 
| 138|0x00000000a8a00000, 0x00000000a8b00000, 0x00000000a8b00000|100%| O|  |TAMS 0x00000000a8a00000, 0x00000000a8a00000| Untracked 
| 139|0x00000000a8b00000, 0x00000000a8c00000, 0x00000000a8c00000|100%| O|  |TAMS 0x00000000a8b00000, 0x00000000a8b00000| Untracked 
| 140|0x00000000a8c00000, 0x00000000a8d00000, 0x00000000a8d00000|100%| O|  |TAMS 0x00000000a8c00000, 0x00000000a8c00000| Untracked 
| 141|0x00000000a8d00000, 0x00000000a8e00000, 0x00000000a8e00000|100%| O|  |TAMS 0x00000000a8d00000, 0x00000000a8d00000| Untracked 
| 142|0x00000000a8e00000, 0x00000000a8f00000, 0x00000000a8f00000|100%| O|  |TAMS 0x00000000a8e00000, 0x00000000a8e00000| Untracked 
| 143|0x00000000a8f00000, 0x00000000a9000000, 0x00000000a9000000|100%| O|  |TAMS 0x00000000a8f00000, 0x00000000a8f00000| Untracked 
| 144|0x00000000a9000000, 0x00000000a9100000, 0x00000000a9100000|100%| O|  |TAMS 0x00000000a9000000, 0x00000000a9000000| Untracked 
| 145|0x00000000a9100000, 0x00000000a9200000, 0x00000000a9200000|100%| O|  |TAMS 0x00000000a9100000, 0x00000000a9100000| Untracked 
| 146|0x00000000a9200000, 0x00000000a9300000, 0x00000000a9300000|100%| O|  |TAMS 0x00000000a9200000, 0x00000000a9200000| Untracked 
| 147|0x00000000a9300000, 0x00000000a9400000, 0x00000000a9400000|100%| O|  |TAMS 0x00000000a9300000, 0x00000000a9300000| Untracked 
| 148|0x00000000a9400000, 0x00000000a9500000, 0x00000000a9500000|100%| O|  |TAMS 0x00000000a9400000, 0x00000000a9400000| Untracked 
| 149|0x00000000a9500000, 0x00000000a9600000, 0x00000000a9600000|100%| O|  |TAMS 0x00000000a9500000, 0x00000000a9500000| Untracked 
| 150|0x00000000a9600000, 0x00000000a9700000, 0x00000000a9700000|100%| O|  |TAMS 0x00000000a9600000, 0x00000000a9600000| Untracked 
| 151|0x00000000a9700000, 0x00000000a9800000, 0x00000000a9800000|100%| O|  |TAMS 0x00000000a9700000, 0x00000000a9700000| Untracked 
| 152|0x00000000a9800000, 0x00000000a9900000, 0x00000000a9900000|100%| O|  |TAMS 0x00000000a9800000, 0x00000000a9800000| Untracked 
| 153|0x00000000a9900000, 0x00000000a9a00000, 0x00000000a9a00000|100%| O|  |TAMS 0x00000000a9900000, 0x00000000a9900000| Untracked 
| 154|0x00000000a9a00000, 0x00000000a9b00000, 0x00000000a9b00000|100%| O|  |TAMS 0x00000000a9a00000, 0x00000000a9a00000| Untracked 
| 155|0x00000000a9b00000, 0x00000000a9c00000, 0x00000000a9c00000|100%| O|  |TAMS 0x00000000a9b00000, 0x00000000a9b00000| Untracked 
| 156|0x00000000a9c00000, 0x00000000a9d00000, 0x00000000a9d00000|100%| O|  |TAMS 0x00000000a9c00000, 0x00000000a9c00000| Untracked 
| 157|0x00000000a9d00000, 0x00000000a9e00000, 0x00000000a9e00000|100%| O|  |TAMS 0x00000000a9d00000, 0x00000000a9d00000| Untracked 
| 158|0x00000000a9e00000, 0x00000000a9f00000, 0x00000000a9f00000|100%| O|  |TAMS 0x00000000a9e00000, 0x00000000a9e00000| Untracked 
| 159|0x00000000a9f00000, 0x00000000aa000000, 0x00000000aa000000|100%| O|  |TAMS 0x00000000a9f00000, 0x00000000a9f00000| Untracked 
| 160|0x00000000aa000000, 0x00000000aa100000, 0x00000000aa100000|100%| O|  |TAMS 0x00000000aa000000, 0x00000000aa000000| Untracked 
| 161|0x00000000aa100000, 0x00000000aa200000, 0x00000000aa200000|100%| O|  |TAMS 0x00000000aa100000, 0x00000000aa100000| Untracked 
| 162|0x00000000aa200000, 0x00000000aa300000, 0x00000000aa300000|100%| O|  |TAMS 0x00000000aa200000, 0x00000000aa200000| Untracked 
| 163|0x00000000aa300000, 0x00000000aa400000, 0x00000000aa400000|100%| O|  |TAMS 0x00000000aa300000, 0x00000000aa300000| Untracked 
| 164|0x00000000aa400000, 0x00000000aa500000, 0x00000000aa500000|100%| O|  |TAMS 0x00000000aa400000, 0x00000000aa400000| Untracked 
| 165|0x00000000aa500000, 0x00000000aa600000, 0x00000000aa600000|100%|HS|  |TAMS 0x00000000aa500000, 0x00000000aa500000| Complete 
| 166|0x00000000aa600000, 0x00000000aa700000, 0x00000000aa700000|100%|HC|  |TAMS 0x00000000aa600000, 0x00000000aa600000| Complete 
| 167|0x00000000aa700000, 0x00000000aa800000, 0x00000000aa800000|100%| O|  |TAMS 0x00000000aa700000, 0x00000000aa700000| Untracked 
| 168|0x00000000aa800000, 0x00000000aa900000, 0x00000000aa900000|100%| O|  |TAMS 0x00000000aa800000, 0x00000000aa800000| Untracked 
| 169|0x00000000aa900000, 0x00000000aaa00000, 0x00000000aaa00000|100%| O|  |TAMS 0x00000000aa900000, 0x00000000aa900000| Untracked 
| 170|0x00000000aaa00000, 0x00000000aab00000, 0x00000000aab00000|100%| O|  |TAMS 0x00000000aaa00000, 0x00000000aaa00000| Untracked 
| 171|0x00000000aab00000, 0x00000000aac00000, 0x00000000aac00000|100%| O|  |TAMS 0x00000000aab00000, 0x00000000aab00000| Untracked 
| 172|0x00000000aac00000, 0x00000000aad00000, 0x00000000aad00000|100%| O|  |TAMS 0x00000000aac00000, 0x00000000aac00000| Untracked 
| 173|0x00000000aad00000, 0x00000000aae00000, 0x00000000aae00000|100%| O|  |TAMS 0x00000000aad00000, 0x00000000aad00000| Untracked 
| 174|0x00000000aae00000, 0x00000000aaf00000, 0x00000000aaf00000|100%| O|  |TAMS 0x00000000aae00000, 0x00000000aae00000| Untracked 
| 175|0x00000000aaf00000, 0x00000000ab000000, 0x00000000ab000000|100%| O|  |TAMS 0x00000000aaf00000, 0x00000000aaf00000| Untracked 
| 176|0x00000000ab000000, 0x00000000ab100000, 0x00000000ab100000|100%| O|  |TAMS 0x00000000ab000000, 0x00000000ab000000| Untracked 
| 177|0x00000000ab100000, 0x00000000ab200000, 0x00000000ab200000|100%| O|  |TAMS 0x00000000ab100000, 0x00000000ab100000| Untracked 
| 178|0x00000000ab200000, 0x00000000ab300000, 0x00000000ab300000|100%| O|  |TAMS 0x00000000ab200000, 0x00000000ab200000| Untracked 
| 179|0x00000000ab300000, 0x00000000ab400000, 0x00000000ab400000|100%| O|  |TAMS 0x00000000ab300000, 0x00000000ab300000| Untracked 
| 180|0x00000000ab400000, 0x00000000ab500000, 0x00000000ab500000|100%| O|  |TAMS 0x00000000ab400000, 0x00000000ab400000| Untracked 
| 181|0x00000000ab500000, 0x00000000ab600000, 0x00000000ab600000|100%| O|  |TAMS 0x00000000ab500000, 0x00000000ab500000| Untracked 
| 182|0x00000000ab600000, 0x00000000ab700000, 0x00000000ab700000|100%| O|  |TAMS 0x00000000ab600000, 0x00000000ab600000| Untracked 
| 183|0x00000000ab700000, 0x00000000ab800000, 0x00000000ab800000|100%| O|  |TAMS 0x00000000ab700000, 0x00000000ab700000| Untracked 
| 184|0x00000000ab800000, 0x00000000ab900000, 0x00000000ab900000|100%| O|  |TAMS 0x00000000ab800000, 0x00000000ab800000| Untracked 
| 185|0x00000000ab900000, 0x00000000aba00000, 0x00000000aba00000|100%| O|  |TAMS 0x00000000ab900000, 0x00000000ab900000| Untracked 
| 186|0x00000000aba00000, 0x00000000abb00000, 0x00000000abb00000|100%| O|  |TAMS 0x00000000aba00000, 0x00000000aba00000| Untracked 
| 187|0x00000000abb00000, 0x00000000abc00000, 0x00000000abc00000|100%| O|  |TAMS 0x00000000abb00000, 0x00000000abb00000| Untracked 
| 188|0x00000000abc00000, 0x00000000abd00000, 0x00000000abd00000|100%| O|  |TAMS 0x00000000abc00000, 0x00000000abc00000| Untracked 
| 189|0x00000000abd00000, 0x00000000abe00000, 0x00000000abe00000|100%| O|  |TAMS 0x00000000abd00000, 0x00000000abd00000| Untracked 
| 190|0x00000000abe00000, 0x00000000abf00000, 0x00000000abf00000|100%| O|  |TAMS 0x00000000abe00000, 0x00000000abe00000| Untracked 
| 191|0x00000000abf00000, 0x00000000ac000000, 0x00000000ac000000|100%| O|  |TAMS 0x00000000abf00000, 0x00000000abf00000| Untracked 
| 192|0x00000000ac000000, 0x00000000ac100000, 0x00000000ac100000|100%| O|  |TAMS 0x00000000ac000000, 0x00000000ac000000| Untracked 
| 193|0x00000000ac100000, 0x00000000ac200000, 0x00000000ac200000|100%| O|  |TAMS 0x00000000ac100000, 0x00000000ac100000| Untracked 
| 194|0x00000000ac200000, 0x00000000ac300000, 0x00000000ac300000|100%| O|  |TAMS 0x00000000ac200000, 0x00000000ac200000| Untracked 
| 195|0x00000000ac300000, 0x00000000ac400000, 0x00000000ac400000|100%| O|  |TAMS 0x00000000ac300000, 0x00000000ac300000| Untracked 
| 196|0x00000000ac400000, 0x00000000ac500000, 0x00000000ac500000|100%| O|  |TAMS 0x00000000ac400000, 0x00000000ac400000| Untracked 
| 197|0x00000000ac500000, 0x00000000ac5f3800, 0x00000000ac600000| 95%| O|  |TAMS 0x00000000ac500000, 0x00000000ac500000| Untracked 
| 198|0x00000000ac600000, 0x00000000ac600000, 0x00000000ac700000|  0%| F|  |TAMS 0x00000000ac600000, 0x00000000ac600000| Untracked 
| 199|0x00000000ac700000, 0x00000000ac700000, 0x00000000ac800000|  0%| F|  |TAMS 0x00000000ac700000, 0x00000000ac700000| Untracked 
| 200|0x00000000ac800000, 0x00000000ac800000, 0x00000000ac900000|  0%| F|  |TAMS 0x00000000ac800000, 0x00000000ac800000| Untracked 
| 201|0x00000000ac900000, 0x00000000ac900000, 0x00000000aca00000|  0%| F|  |TAMS 0x00000000ac900000, 0x00000000ac900000| Untracked 
| 202|0x00000000aca00000, 0x00000000aca00000, 0x00000000acb00000|  0%| F|  |TAMS 0x00000000aca00000, 0x00000000aca00000| Untracked 
| 203|0x00000000acb00000, 0x00000000acb00000, 0x00000000acc00000|  0%| F|  |TAMS 0x00000000acb00000, 0x00000000acb00000| Untracked 
| 204|0x00000000acc00000, 0x00000000acc00000, 0x00000000acd00000|  0%| F|  |TAMS 0x00000000acc00000, 0x00000000acc00000| Untracked 
| 205|0x00000000acd00000, 0x00000000acd00000, 0x00000000ace00000|  0%| F|  |TAMS 0x00000000acd00000, 0x00000000acd00000| Untracked 
| 206|0x00000000ace00000, 0x00000000ace00000, 0x00000000acf00000|  0%| F|  |TAMS 0x00000000ace00000, 0x00000000ace00000| Untracked 
| 207|0x00000000acf00000, 0x00000000acf00000, 0x00000000ad000000|  0%| F|  |TAMS 0x00000000acf00000, 0x00000000acf00000| Untracked 
| 208|0x00000000ad000000, 0x00000000ad000000, 0x00000000ad100000|  0%| F|  |TAMS 0x00000000ad000000, 0x00000000ad000000| Untracked 
| 209|0x00000000ad100000, 0x00000000ad100000, 0x00000000ad200000|  0%| F|  |TAMS 0x00000000ad100000, 0x00000000ad100000| Untracked 
| 210|0x00000000ad200000, 0x00000000ad200000, 0x00000000ad300000|  0%| F|  |TAMS 0x00000000ad200000, 0x00000000ad200000| Untracked 
| 211|0x00000000ad300000, 0x00000000ad300000, 0x00000000ad400000|  0%| F|  |TAMS 0x00000000ad300000, 0x00000000ad300000| Untracked 
| 212|0x00000000ad400000, 0x00000000ad400000, 0x00000000ad500000|  0%| F|  |TAMS 0x00000000ad400000, 0x00000000ad400000| Untracked 
| 213|0x00000000ad500000, 0x00000000ad500000, 0x00000000ad600000|  0%| F|  |TAMS 0x00000000ad500000, 0x00000000ad500000| Untracked 
| 214|0x00000000ad600000, 0x00000000ad600000, 0x00000000ad700000|  0%| F|  |TAMS 0x00000000ad600000, 0x00000000ad600000| Untracked 
| 215|0x00000000ad700000, 0x00000000ad700000, 0x00000000ad800000|  0%| F|  |TAMS 0x00000000ad700000, 0x00000000ad700000| Untracked 
| 216|0x00000000ad800000, 0x00000000ad800000, 0x00000000ad900000|  0%| F|  |TAMS 0x00000000ad800000, 0x00000000ad800000| Untracked 
| 217|0x00000000ad900000, 0x00000000ad900000, 0x00000000ada00000|  0%| F|  |TAMS 0x00000000ad900000, 0x00000000ad900000| Untracked 
| 218|0x00000000ada00000, 0x00000000ada00000, 0x00000000adb00000|  0%| F|  |TAMS 0x00000000ada00000, 0x00000000ada00000| Untracked 
| 219|0x00000000adb00000, 0x00000000adb00000, 0x00000000adc00000|  0%| F|  |TAMS 0x00000000adb00000, 0x00000000adb00000| Untracked 
| 220|0x00000000adc00000, 0x00000000adc00000, 0x00000000add00000|  0%| F|  |TAMS 0x00000000adc00000, 0x00000000adc00000| Untracked 
| 221|0x00000000add00000, 0x00000000add00000, 0x00000000ade00000|  0%| F|  |TAMS 0x00000000add00000, 0x00000000add00000| Untracked 
| 222|0x00000000ade00000, 0x00000000ade00000, 0x00000000adf00000|  0%| F|  |TAMS 0x00000000ade00000, 0x00000000ade00000| Untracked 
| 223|0x00000000adf00000, 0x00000000adf00000, 0x00000000ae000000|  0%| F|  |TAMS 0x00000000adf00000, 0x00000000adf00000| Untracked 
| 224|0x00000000ae000000, 0x00000000ae000000, 0x00000000ae100000|  0%| F|  |TAMS 0x00000000ae000000, 0x00000000ae000000| Untracked 
| 225|0x00000000ae100000, 0x00000000ae100000, 0x00000000ae200000|  0%| F|  |TAMS 0x00000000ae100000, 0x00000000ae100000| Untracked 
| 226|0x00000000ae200000, 0x00000000ae200000, 0x00000000ae300000|  0%| F|  |TAMS 0x00000000ae200000, 0x00000000ae200000| Untracked 
| 227|0x00000000ae300000, 0x00000000ae300000, 0x00000000ae400000|  0%| F|  |TAMS 0x00000000ae300000, 0x00000000ae300000| Untracked 
| 228|0x00000000ae400000, 0x00000000ae400000, 0x00000000ae500000|  0%| F|  |TAMS 0x00000000ae400000, 0x00000000ae400000| Untracked 
| 229|0x00000000ae500000, 0x00000000ae500000, 0x00000000ae600000|  0%| F|  |TAMS 0x00000000ae500000, 0x00000000ae500000| Untracked 
| 230|0x00000000ae600000, 0x00000000ae600000, 0x00000000ae700000|  0%| F|  |TAMS 0x00000000ae600000, 0x00000000ae600000| Untracked 
| 231|0x00000000ae700000, 0x00000000ae700000, 0x00000000ae800000|  0%| F|  |TAMS 0x00000000ae700000, 0x00000000ae700000| Untracked 
| 232|0x00000000ae800000, 0x00000000ae800000, 0x00000000ae900000|  0%| F|  |TAMS 0x00000000ae800000, 0x00000000ae800000| Untracked 
| 233|0x00000000ae900000, 0x00000000ae900000, 0x00000000aea00000|  0%| F|  |TAMS 0x00000000ae900000, 0x00000000ae900000| Untracked 
| 234|0x00000000aea00000, 0x00000000aead3ce0, 0x00000000aeb00000| 82%| S|CS|TAMS 0x00000000aea00000, 0x00000000aea00000| Complete 
| 235|0x00000000aeb00000, 0x00000000aeb00000, 0x00000000aec00000|  0%| F|  |TAMS 0x00000000aeb00000, 0x00000000aeb00000| Untracked 
| 236|0x00000000aec00000, 0x00000000aec00000, 0x00000000aed00000|  0%| F|  |TAMS 0x00000000aec00000, 0x00000000aec00000| Untracked 
| 237|0x00000000aed00000, 0x00000000aed00000, 0x00000000aee00000|  0%| F|  |TAMS 0x00000000aed00000, 0x00000000aed00000| Untracked 
| 238|0x00000000aee00000, 0x00000000aee00000, 0x00000000aef00000|  0%| F|  |TAMS 0x00000000aee00000, 0x00000000aee00000| Untracked 
| 239|0x00000000aef00000, 0x00000000af000000, 0x00000000af000000|100%| S|CS|TAMS 0x00000000aef00000, 0x00000000aef00000| Complete 
| 240|0x00000000af000000, 0x00000000af100000, 0x00000000af100000|100%| S|CS|TAMS 0x00000000af000000, 0x00000000af000000| Complete 
| 241|0x00000000af100000, 0x00000000af100000, 0x00000000af200000|  0%| F|  |TAMS 0x00000000af100000, 0x00000000af100000| Untracked 
| 242|0x00000000af200000, 0x00000000af200000, 0x00000000af300000|  0%| F|  |TAMS 0x00000000af200000, 0x00000000af200000| Untracked 
| 243|0x00000000af300000, 0x00000000af300000, 0x00000000af400000|  0%| F|  |TAMS 0x00000000af300000, 0x00000000af300000| Untracked 
| 244|0x00000000af400000, 0x00000000af400000, 0x00000000af500000|  0%| F|  |TAMS 0x00000000af400000, 0x00000000af400000| Untracked 
| 245|0x00000000af500000, 0x00000000af500000, 0x00000000af600000|  0%| F|  |TAMS 0x00000000af500000, 0x00000000af500000| Untracked 
| 246|0x00000000af600000, 0x00000000af600000, 0x00000000af700000|  0%| F|  |TAMS 0x00000000af600000, 0x00000000af600000| Untracked 
| 247|0x00000000af700000, 0x00000000af700000, 0x00000000af800000|  0%| F|  |TAMS 0x00000000af700000, 0x00000000af700000| Untracked 
| 248|0x00000000af800000, 0x00000000af800000, 0x00000000af900000|  0%| F|  |TAMS 0x00000000af800000, 0x00000000af800000| Untracked 
| 249|0x00000000af900000, 0x00000000af900000, 0x00000000afa00000|  0%| F|  |TAMS 0x00000000af900000, 0x00000000af900000| Untracked 
| 250|0x00000000afa00000, 0x00000000afa00000, 0x00000000afb00000|  0%| F|  |TAMS 0x00000000afa00000, 0x00000000afa00000| Untracked 
| 251|0x00000000afb00000, 0x00000000afb00000, 0x00000000afc00000|  0%| F|  |TAMS 0x00000000afb00000, 0x00000000afb00000| Untracked 
| 252|0x00000000afc00000, 0x00000000afc00000, 0x00000000afd00000|  0%| F|  |TAMS 0x00000000afc00000, 0x00000000afc00000| Untracked 
| 253|0x00000000afd00000, 0x00000000afd00000, 0x00000000afe00000|  0%| F|  |TAMS 0x00000000afd00000, 0x00000000afd00000| Untracked 
| 254|0x00000000afe00000, 0x00000000afe00000, 0x00000000aff00000|  0%| F|  |TAMS 0x00000000afe00000, 0x00000000afe00000| Untracked 
| 255|0x00000000aff00000, 0x00000000aff00000, 0x00000000b0000000|  0%| F|  |TAMS 0x00000000aff00000, 0x00000000aff00000| Untracked 
| 256|0x00000000b0000000, 0x00000000b0000000, 0x00000000b0100000|  0%| F|  |TAMS 0x00000000b0000000, 0x00000000b0000000| Untracked 
| 257|0x00000000b0100000, 0x00000000b0100000, 0x00000000b0200000|  0%| F|  |TAMS 0x00000000b0100000, 0x00000000b0100000| Untracked 
| 258|0x00000000b0200000, 0x00000000b0200000, 0x00000000b0300000|  0%| F|  |TAMS 0x00000000b0200000, 0x00000000b0200000| Untracked 
| 259|0x00000000b0300000, 0x00000000b0300000, 0x00000000b0400000|  0%| F|  |TAMS 0x00000000b0300000, 0x00000000b0300000| Untracked 
| 260|0x00000000b0400000, 0x00000000b0400000, 0x00000000b0500000|  0%| F|  |TAMS 0x00000000b0400000, 0x00000000b0400000| Untracked 
| 261|0x00000000b0500000, 0x00000000b0500000, 0x00000000b0600000|  0%| F|  |TAMS 0x00000000b0500000, 0x00000000b0500000| Untracked 
| 262|0x00000000b0600000, 0x00000000b0600000, 0x00000000b0700000|  0%| F|  |TAMS 0x00000000b0600000, 0x00000000b0600000| Untracked 
| 263|0x00000000b0700000, 0x00000000b0700000, 0x00000000b0800000|  0%| F|  |TAMS 0x00000000b0700000, 0x00000000b0700000| Untracked 
| 264|0x00000000b0800000, 0x00000000b0800000, 0x00000000b0900000|  0%| F|  |TAMS 0x00000000b0800000, 0x00000000b0800000| Untracked 
| 265|0x00000000b0900000, 0x00000000b0900000, 0x00000000b0a00000|  0%| F|  |TAMS 0x00000000b0900000, 0x00000000b0900000| Untracked 
| 266|0x00000000b0a00000, 0x00000000b0a00000, 0x00000000b0b00000|  0%| F|  |TAMS 0x00000000b0a00000, 0x00000000b0a00000| Untracked 
| 267|0x00000000b0b00000, 0x00000000b0b00000, 0x00000000b0c00000|  0%| F|  |TAMS 0x00000000b0b00000, 0x00000000b0b00000| Untracked 
| 268|0x00000000b0c00000, 0x00000000b0c00000, 0x00000000b0d00000|  0%| F|  |TAMS 0x00000000b0c00000, 0x00000000b0c00000| Untracked 
| 269|0x00000000b0d00000, 0x00000000b0d00000, 0x00000000b0e00000|  0%| F|  |TAMS 0x00000000b0d00000, 0x00000000b0d00000| Untracked 
| 270|0x00000000b0e00000, 0x00000000b0e00000, 0x00000000b0f00000|  0%| F|  |TAMS 0x00000000b0e00000, 0x00000000b0e00000| Untracked 
| 271|0x00000000b0f00000, 0x00000000b0f00000, 0x00000000b1000000|  0%| F|  |TAMS 0x00000000b0f00000, 0x00000000b0f00000| Untracked 
|1535|0x00000000fff00000, 0x0000000100000000, 0x0000000100000000|100%| O|  |TAMS 0x0000000100000000, 0x00000000fff00000| Untracked 

Card table byte_map: [0x0000015247910000,0x0000015247c10000] _byte_map_base: 0x0000015247410000

Marking Bits (Prev, Next): (CMBitMap*) 0x0000015230ecd2c0, (CMBitMap*) 0x0000015230ecd300
 Prev Bits: [0x0000015247f10000, 0x0000015249710000)
 Next Bits: [0x0000015249710000, 0x000001524af10000)

Polling page: 0x00000152305e0000

Metaspace:

Usage:
  Non-class:    108.72 MB used.
      Class:     16.10 MB used.
       Both:    124.81 MB used.

Virtual space:
  Non-class space:      112.00 MB reserved,     109.06 MB ( 97%) committed,  14 nodes.
      Class space:        1.00 GB reserved,      16.44 MB (  2%) committed,  1 nodes.
             Both:        1.11 GB reserved,     125.50 MB ( 11%) committed. 

Chunk freelists:
   Non-Class:  2.56 MB
       Class:  3.41 MB
        Both:  5.97 MB

MaxMetaspaceSize: unlimited
CompressedClassSpaceSize: 1.00 GB
Initial GC threshold: 21.00 MB
Current GC threshold: 137.31 MB
CDS: on
MetaspaceReclaimPolicy: balanced
 - commit_granule_bytes: 65536.
 - commit_granule_words: 8192.
 - virtual_space_node_default_size: 1048576.
 - enlarge_chunks_in_place: 1.
 - new_chunks_are_fully_committed: 0.
 - uncommit_free_chunks: 1.
 - use_allocation_guard: 0.
 - handle_deallocations: 1.


Internal statistics:

num_allocs_failed_limit: 6.
num_arena_births: 1190.
num_arena_deaths: 6.
num_vsnodes_births: 15.
num_vsnodes_deaths: 0.
num_space_committed: 2007.
num_space_uncommitted: 0.
num_chunks_returned_to_freelist: 13.
num_chunks_taken_from_freelist: 6124.
num_chunk_merges: 8.
num_chunk_splits: 4166.
num_chunks_enlarged: 2894.
num_purges: 2.
num_inconsistent_stats: 0.

CodeHeap 'non-profiled nmethods': size=120000Kb used=14516Kb max_used=14516Kb free=105483Kb
 bounds [0x00000152400e0000, 0x0000015240f10000, 0x0000015247610000]
CodeHeap 'profiled nmethods': size=120000Kb used=40690Kb max_used=40690Kb free=79309Kb
 bounds [0x0000015238bb0000, 0x000001523b370000, 0x00000152400e0000]
CodeHeap 'non-nmethods': size=5760Kb used=2583Kb max_used=2682Kb free=3176Kb
 bounds [0x0000015238610000, 0x00000152388c0000, 0x0000015238bb0000]
 total_blobs=20968 nmethods=19807 adapters=1072
 compilation: enabled
              stopped_count=0, restarted_count=0
 full_count=0

Compilation events (20 events):
Event: 109.649 Thread 0x000001524b10a330 24872       2       com.android.tools.r8.internal.tP0::<init> (18 bytes)
Event: 109.649 Thread 0x000001524b10a330 nmethod 24872 0x000001523b366090 code [0x000001523b366240, 0x000001523b3663b8]
Event: 109.649 Thread 0x000001524b10a330 24873       2       java.util.TreeMap$PrivateEntryIterator::remove (93 bytes)
Event: 109.650 Thread 0x000001524b10a330 nmethod 24873 0x000001523b366490 code [0x000001523b366660, 0x000001523b3669e8]
Event: 109.650 Thread 0x000001524b10a330 24874       1       com.android.tools.r8.internal.if1::B (2 bytes)
Event: 109.650 Thread 0x000001524b10a330 nmethod 24874 0x0000015240f0cb90 code [0x0000015240f0cd20, 0x0000015240f0cdf8]
Event: 109.651 Thread 0x000001524b10a330 24875       2       com.android.tools.r8.internal.kK0::<init> (51 bytes)
Event: 109.651 Thread 0x000001524b10a330 nmethod 24875 0x000001523b366b90 code [0x000001523b366d40, 0x000001523b366f48]
Event: 109.652 Thread 0x000001524b10a330 24876       1       com.android.tools.r8.internal.tP0::O (2 bytes)
Event: 109.652 Thread 0x000001524b10a330 nmethod 24876 0x0000015240f0ce90 code [0x0000015240f0d020, 0x0000015240f0d0f8]
Event: 109.653 Thread 0x000001524b10a330 24878       2       com.android.tools.r8.internal.y81::a (115 bytes)
Event: 109.653 Thread 0x000001524b10a330 nmethod 24878 0x000001523b367010 code [0x000001523b367240, 0x000001523b367788]
Event: 109.653 Thread 0x000001524b10a330 24880       2       com.android.tools.r8.internal.hI0::a (679 bytes)
Event: 109.657 Thread 0x000001524b10a330 nmethod 24880 0x000001523b367c90 code [0x000001523b3682a0, 0x000001523b36a428]
Event: 109.657 Thread 0x000001524b10a330 24877       2       com.android.tools.r8.internal.y81$$Lambda$1887/0x0000000801be74e0::test (20 bytes)
Event: 109.657 Thread 0x000001524b10a330 nmethod 24877 0x000001523b36bc90 code [0x000001523b36be40, 0x000001523b36bfc8]
Event: 109.657 Thread 0x000001524b10a330 24881       2       com.android.tools.r8.internal.CL0::b (16 bytes)
Event: 109.657 Thread 0x000001524b10a330 nmethod 24881 0x000001523b36c090 code [0x000001523b36c240, 0x000001523b36c3f8]
Event: 109.657 Thread 0x000001524b10a330 24879       2       com.android.tools.r8.internal.DB0::g (39 bytes)
Event: 109.658 Thread 0x000001524b10a330 nmethod 24879 0x000001523b36c510 code [0x000001523b36c6c0, 0x000001523b36c8c8]

GC Heap History (20 events):
Event: 101.242 GC heap after
{Heap after GC invocations=84 (full 0):
 garbage-first heap   total 232448K, used 150916K [0x00000000a0000000, 0x0000000100000000)
  region size 1024K, 5 young (5120K), 5 survivors (5120K)
 Metaspace       used 113788K, committed 114560K, reserved 1155072K
  class space    used 14474K, committed 14848K, reserved 1048576K
}
Event: 102.132 GC heap before
{Heap before GC invocations=84 (full 0):
 garbage-first heap   total 232448K, used 203140K [0x00000000a0000000, 0x0000000100000000)
  region size 1024K, 56 young (57344K), 5 survivors (5120K)
 Metaspace       used 113789K, committed 114560K, reserved 1155072K
  class space    used 14474K, committed 14848K, reserved 1048576K
}
Event: 102.151 GC heap after
{Heap after GC invocations=85 (full 0):
 garbage-first heap   total 279552K, used 152411K [0x00000000a0000000, 0x0000000100000000)
  region size 1024K, 5 young (5120K), 5 survivors (5120K)
 Metaspace       used 113789K, committed 114560K, reserved 1155072K
  class space    used 14474K, committed 14848K, reserved 1048576K
}
Event: 104.145 GC heap before
{Heap before GC invocations=85 (full 0):
 garbage-first heap   total 279552K, used 246619K [0x00000000a0000000, 0x0000000100000000)
  region size 1024K, 92 young (94208K), 5 survivors (5120K)
 Metaspace       used 115631K, committed 116288K, reserved 1155072K
  class space    used 14729K, committed 15040K, reserved 1048576K
}
Event: 104.162 GC heap after
{Heap after GC invocations=86 (full 0):
 garbage-first heap   total 279552K, used 160957K [0x00000000a0000000, 0x0000000100000000)
  region size 1024K, 12 young (12288K), 12 survivors (12288K)
 Metaspace       used 115631K, committed 116288K, reserved 1155072K
  class space    used 14729K, committed 15040K, reserved 1048576K
}
Event: 106.212 GC heap before
{Heap before GC invocations=86 (full 0):
 garbage-first heap   total 279552K, used 236733K [0x00000000a0000000, 0x0000000100000000)
  region size 1024K, 87 young (89088K), 12 survivors (12288K)
 Metaspace       used 124312K, committed 125056K, reserved 1163264K
  class space    used 16083K, committed 16448K, reserved 1048576K
}
Event: 106.248 GC heap after
{Heap after GC invocations=87 (full 0):
 garbage-first heap   total 279552K, used 170177K [0x00000000a0000000, 0x0000000100000000)
  region size 1024K, 11 young (11264K), 11 survivors (11264K)
 Metaspace       used 124312K, committed 125056K, reserved 1163264K
  class space    used 16083K, committed 16448K, reserved 1048576K
}
Event: 107.325 GC heap before
{Heap before GC invocations=87 (full 0):
 garbage-first heap   total 279552K, used 236737K [0x00000000a0000000, 0x0000000100000000)
  region size 1024K, 75 young (76800K), 11 survivors (11264K)
 Metaspace       used 126571K, committed 127296K, reserved 1163264K
  class space    used 16347K, committed 16704K, reserved 1048576K
}
Event: 107.343 GC heap after
{Heap after GC invocations=88 (full 0):
 garbage-first heap   total 279552K, used 177053K [0x00000000a0000000, 0x0000000100000000)
  region size 1024K, 9 young (9216K), 9 survivors (9216K)
 Metaspace       used 126571K, committed 127296K, reserved 1163264K
  class space    used 16347K, committed 16704K, reserved 1048576K
}
Event: 108.191 GC heap before
{Heap before GC invocations=88 (full 0):
 garbage-first heap   total 279552K, used 237469K [0x00000000a0000000, 0x0000000100000000)
  region size 1024K, 64 young (65536K), 9 survivors (9216K)
 Metaspace       used 127027K, committed 127808K, reserved 1163264K
  class space    used 16354K, committed 16704K, reserved 1048576K
}
Event: 108.205 GC heap after
{Heap after GC invocations=89 (full 0):
 garbage-first heap   total 279552K, used 174615K [0x00000000a0000000, 0x0000000100000000)
  region size 1024K, 6 young (6144K), 6 survivors (6144K)
 Metaspace       used 127027K, committed 127808K, reserved 1163264K
  class space    used 16354K, committed 16704K, reserved 1048576K
}
Event: 108.793 GC heap before
{Heap before GC invocations=89 (full 0):
 garbage-first heap   total 279552K, used 231959K [0x00000000a0000000, 0x0000000100000000)
  region size 1024K, 63 young (64512K), 6 survivors (6144K)
 Metaspace       used 127240K, committed 127936K, reserved 1163264K
  class space    used 16381K, committed 16704K, reserved 1048576K
}
Event: 108.820 GC heap after
{Heap after GC invocations=90 (full 0):
 garbage-first heap   total 279552K, used 187389K [0x00000000a0000000, 0x0000000100000000)
  region size 1024K, 8 young (8192K), 8 survivors (8192K)
 Metaspace       used 127240K, committed 127936K, reserved 1163264K
  class space    used 16381K, committed 16704K, reserved 1048576K
}
Event: 109.025 GC heap before
{Heap before GC invocations=90 (full 0):
 garbage-first heap   total 279552K, used 231421K [0x00000000a0000000, 0x0000000100000000)
  region size 1024K, 51 young (52224K), 8 survivors (8192K)
 Metaspace       used 127430K, committed 128192K, reserved 1163264K
  class space    used 16413K, committed 16768K, reserved 1048576K
}
Event: 109.040 GC heap after
{Heap after GC invocations=91 (full 0):
 garbage-first heap   total 279552K, used 191488K [0x00000000a0000000, 0x0000000100000000)
  region size 1024K, 7 young (7168K), 7 survivors (7168K)
 Metaspace       used 127430K, committed 128192K, reserved 1163264K
  class space    used 16413K, committed 16768K, reserved 1048576K
}
Event: 109.247 GC heap before
{Heap before GC invocations=91 (full 0):
 garbage-first heap   total 279552K, used 231424K [0x00000000a0000000, 0x0000000100000000)
  region size 1024K, 46 young (47104K), 7 survivors (7168K)
 Metaspace       used 127555K, committed 128256K, reserved 1163264K
  class space    used 16448K, committed 16768K, reserved 1048576K
}
Event: 109.280 GC heap after
{Heap after GC invocations=92 (full 0):
 garbage-first heap   total 279552K, used 199185K [0x00000000a0000000, 0x0000000100000000)
  region size 1024K, 6 young (6144K), 6 survivors (6144K)
 Metaspace       used 127555K, committed 128256K, reserved 1163264K
  class space    used 16448K, committed 16768K, reserved 1048576K
}
Event: 109.464 GC heap before
{Heap before GC invocations=92 (full 0):
 garbage-first heap   total 279552K, used 232977K [0x00000000a0000000, 0x0000000100000000)
  region size 1024K, 39 young (39936K), 6 survivors (6144K)
 Metaspace       used 127636K, committed 128320K, reserved 1163264K
  class space    used 16452K, committed 16768K, reserved 1048576K
}
Event: 109.484 GC heap after
{Heap after GC invocations=93 (full 0):
 garbage-first heap   total 279552K, used 204073K [0x00000000a0000000, 0x0000000100000000)
  region size 1024K, 4 young (4096K), 4 survivors (4096K)
 Metaspace       used 127636K, committed 128320K, reserved 1163264K
  class space    used 16452K, committed 16768K, reserved 1048576K
}
Event: 109.662 GC heap before
{Heap before GC invocations=93 (full 0):
 garbage-first heap   total 279552K, used 235817K [0x00000000a0000000, 0x0000000100000000)
  region size 1024K, 35 young (35840K), 4 survivors (4096K)
 Metaspace       used 127810K, committed 128512K, reserved 1163264K
  class space    used 16484K, committed 16832K, reserved 1048576K
}

Deoptimization events (20 events):
Event: 109.454 Thread 0x0000015251a01aa0 Uncommon trap: trap_request=0xffffffbe fr.pc=0x0000015240ec9a4c relative=0x000000000000088c
Event: 109.454 Thread 0x0000015251a01aa0 Uncommon trap: reason=profile_predicate action=maybe_recompile pc=0x0000015240ec9a4c method=com.android.tools.r8.graph.W0.a([C)I @ 8 c2
Event: 109.454 Thread 0x0000015251a01aa0 DEOPT PACKING pc=0x0000015240ec9a4c sp=0x00000022668fa5d0
Event: 109.455 Thread 0x0000015251a01aa0 DEOPT UNPACKING pc=0x000001523866239d sp=0x00000022668fa520 mode 2
Event: 109.455 Thread 0x0000015251a01aa0 Uncommon trap: trap_request=0xffffffbe fr.pc=0x0000015240db9b60 relative=0x0000000000000260
Event: 109.455 Thread 0x0000015251a01aa0 Uncommon trap: reason=profile_predicate action=maybe_recompile pc=0x0000015240db9b60 method=com.android.tools.r8.graph.W0.a([C)I @ 8 c2
Event: 109.455 Thread 0x0000015251a01aa0 DEOPT PACKING pc=0x0000015240db9b60 sp=0x00000022668f9f30
Event: 109.455 Thread 0x0000015251a01aa0 DEOPT UNPACKING pc=0x000001523866239d sp=0x00000022668f9ec8 mode 2
Event: 109.493 Thread 0x00000152519fe5b0 DEOPT PACKING pc=0x000001523ad09d2b sp=0x0000002266afa960
Event: 109.493 Thread 0x00000152519fe5b0 DEOPT UNPACKING pc=0x0000015238662b24 sp=0x0000002266af9e40 mode 0
Event: 109.514 Thread 0x0000015251a00c30 Uncommon trap: trap_request=0xffffff45 fr.pc=0x00000152402dd888 relative=0x0000000000000268
Event: 109.514 Thread 0x0000015251a00c30 Uncommon trap: reason=unstable_if action=reinterpret pc=0x00000152402dd888 method=java.util.HashMap.getNode(Ljava/lang/Object;)Ljava/util/HashMap$Node; @ 85 c2
Event: 109.514 Thread 0x0000015251a00c30 DEOPT PACKING pc=0x00000152402dd888 sp=0x00000022667f9e40
Event: 109.514 Thread 0x0000015251a00c30 DEOPT UNPACKING pc=0x000001523866239d sp=0x00000022667f9d48 mode 2
Event: 109.577 Thread 0x00000152519fe5b0 DEOPT PACKING pc=0x000001523ad09d2b sp=0x0000002266afa960
Event: 109.577 Thread 0x00000152519fe5b0 DEOPT UNPACKING pc=0x0000015238662b24 sp=0x0000002266af9e40 mode 0
Event: 109.590 Thread 0x0000015251a00c30 DEOPT PACKING pc=0x000001523aff19b4 sp=0x00000022667f99c0
Event: 109.590 Thread 0x0000015251a00c30 DEOPT UNPACKING pc=0x0000015238662b24 sp=0x00000022667f8e50 mode 0
Event: 109.660 Thread 0x00000152519fe5b0 DEOPT PACKING pc=0x000001523ad09d2b sp=0x0000002266afa960
Event: 109.660 Thread 0x00000152519fe5b0 DEOPT UNPACKING pc=0x0000015238662b24 sp=0x0000002266af9e40 mode 0

Classes unloaded (3 events):
Event: 32.105 Thread 0x000001524b09e1f0 Unloading class 0x0000000801608c00 'java/lang/invoke/LambdaForm$DMH+0x0000000801608c00'
Event: 32.105 Thread 0x000001524b09e1f0 Unloading class 0x0000000801608800 'java/lang/invoke/LambdaForm$DMH+0x0000000801608800'
Event: 32.105 Thread 0x000001524b09e1f0 Unloading class 0x0000000801608400 'java/lang/invoke/LambdaForm$DMH+0x0000000801608400'

Classes redefined (0 events):
No events

Internal exceptions (20 events):
Event: 106.867 Thread 0x0000015255849d90 Exception <a 'sun/nio/fs/WindowsException'{0x00000000afdf0c48}> (0x00000000afdf0c48) 
thrown [t:\workspace\open\src\hotspot\share\prims\jni.cpp, line 516]
Event: 106.867 Thread 0x0000015255849d90 Exception <a 'sun/nio/fs/WindowsException'{0x00000000afdf10a8}> (0x00000000afdf10a8) 
thrown [t:\workspace\open\src\hotspot\share\prims\jni.cpp, line 516]
Event: 106.876 Thread 0x0000015255847be0 Exception <a 'sun/nio/fs/WindowsException'{0x00000000afd638d0}> (0x00000000afd638d0) 
thrown [t:\workspace\open\src\hotspot\share\prims\jni.cpp, line 516]
Event: 106.876 Thread 0x0000015255847be0 Exception <a 'sun/nio/fs/WindowsException'{0x00000000afd63cb0}> (0x00000000afd63cb0) 
thrown [t:\workspace\open\src\hotspot\share\prims\jni.cpp, line 516]
Event: 106.877 Thread 0x0000015255849d90 Exception <a 'sun/nio/fs/WindowsException'{0x00000000afdf2338}> (0x00000000afdf2338) 
thrown [t:\workspace\open\src\hotspot\share\prims\jni.cpp, line 516]
Event: 106.877 Thread 0x0000015255849d90 Exception <a 'sun/nio/fs/WindowsException'{0x00000000afdf2768}> (0x00000000afdf2768) 
thrown [t:\workspace\open\src\hotspot\share\prims\jni.cpp, line 516]
Event: 106.889 Thread 0x0000015255849d90 Exception <a 'sun/nio/fs/WindowsException'{0x00000000afdf39d8}> (0x00000000afdf39d8) 
thrown [t:\workspace\open\src\hotspot\share\prims\jni.cpp, line 516]
Event: 106.889 Thread 0x0000015255849d90 Exception <a 'sun/nio/fs/WindowsException'{0x00000000afdf3db8}> (0x00000000afdf3db8) 
thrown [t:\workspace\open\src\hotspot\share\prims\jni.cpp, line 516]
Event: 106.903 Thread 0x0000015255847be0 Exception <a 'sun/nio/fs/WindowsException'{0x00000000afd64f10}> (0x00000000afd64f10) 
thrown [t:\workspace\open\src\hotspot\share\prims\jni.cpp, line 516]
Event: 106.909 Thread 0x0000015255849d90 Exception <a 'sun/nio/fs/WindowsException'{0x00000000afdf5018}> (0x00000000afdf5018) 
thrown [t:\workspace\open\src\hotspot\share\prims\jni.cpp, line 516]
Event: 106.939 Thread 0x0000015255849d90 Exception <a 'sun/nio/fs/WindowsException'{0x00000000afdf6718}> (0x00000000afdf6718) 
thrown [t:\workspace\open\src\hotspot\share\prims\jni.cpp, line 516]
Event: 106.944 Thread 0x0000015255849d90 Exception <a 'sun/nio/fs/WindowsException'{0x00000000afdf74d0}> (0x00000000afdf74d0) 
thrown [t:\workspace\open\src\hotspot\share\prims\jni.cpp, line 516]
Event: 106.960 Thread 0x0000015255847be0 Exception <a 'sun/nio/fs/WindowsException'{0x00000000afd66e30}> (0x00000000afd66e30) 
thrown [t:\workspace\open\src\hotspot\share\prims\jni.cpp, line 516]
Event: 106.962 Thread 0x0000015255847be0 Exception <a 'sun/nio/fs/WindowsException'{0x00000000afd67c68}> (0x00000000afd67c68) 
thrown [t:\workspace\open\src\hotspot\share\prims\jni.cpp, line 516]
Event: 106.965 Thread 0x0000015255847be0 Exception <a 'sun/nio/fs/WindowsException'{0x00000000afd68ac0}> (0x00000000afd68ac0) 
thrown [t:\workspace\open\src\hotspot\share\prims\jni.cpp, line 516]
Event: 107.074 Thread 0x0000015255849d90 Exception <a 'sun/nio/fs/WindowsException'{0x00000000af7be280}> (0x00000000af7be280) 
thrown [t:\workspace\open\src\hotspot\share\prims\jni.cpp, line 516]
Event: 107.142 Thread 0x0000015255849d90 Exception <a 'sun/nio/fs/WindowsException'{0x00000000af7c92f0}> (0x00000000af7c92f0) 
thrown [t:\workspace\open\src\hotspot\share\prims\jni.cpp, line 516]
Event: 108.167 Thread 0x0000015251a00c30 Exception <a 'sun/nio/fs/WindowsException'{0x00000000add33f88}> (0x00000000add33f88) 
thrown [t:\workspace\open\src\hotspot\share\prims\jni.cpp, line 516]
Event: 108.311 Thread 0x0000015251a01aa0 Exception <a 'sun/nio/fs/WindowsException'{0x00000000afbcb790}> (0x00000000afbcb790) 
thrown [t:\workspace\open\src\hotspot\share\prims\jni.cpp, line 516]
Event: 108.859 Thread 0x00000152519fe5b0 Exception <a 'sun/nio/fs/WindowsException'{0x00000000b0c5ef78}> (0x00000000b0c5ef78) 
thrown [t:\workspace\open\src\hotspot\share\prims\jni.cpp, line 516]

VM Operations (20 events):
Event: 108.965 Executing VM operation: HandshakeAllThreads done
Event: 108.978 Executing VM operation: HandshakeAllThreads
Event: 108.980 Executing VM operation: HandshakeAllThreads done
Event: 108.993 Executing VM operation: HandshakeAllThreads
Event: 108.994 Executing VM operation: HandshakeAllThreads done
Event: 109.008 Executing VM operation: ICBufferFull
Event: 109.013 Executing VM operation: ICBufferFull done
Event: 109.024 Executing VM operation: G1CollectForAllocation
Event: 109.042 Executing VM operation: G1CollectForAllocation done
Event: 109.052 Executing VM operation: HandshakeAllThreads
Event: 109.053 Executing VM operation: HandshakeAllThreads done
Event: 109.147 Executing VM operation: HandshakeAllThreads
Event: 109.147 Executing VM operation: HandshakeAllThreads done
Event: 109.162 Executing VM operation: ICBufferFull
Event: 109.165 Executing VM operation: ICBufferFull done
Event: 109.247 Executing VM operation: G1CollectForAllocation
Event: 109.282 Executing VM operation: G1CollectForAllocation done
Event: 109.464 Executing VM operation: G1CollectForAllocation
Event: 109.487 Executing VM operation: G1CollectForAllocation done
Event: 109.661 Executing VM operation: G1CollectForAllocation

Events (20 events):
Event: 106.762 loading class java/util/zip/Adler32
Event: 106.763 loading class java/util/zip/Adler32 done
Event: 109.060 Thread 0x000001524e023300 flushing nmethod 0x0000015240ec8910
Event: 109.060 Thread 0x000001524e023300 flushing nmethod 0x0000015240ed1b10
Event: 109.061 Thread 0x000001524e023300 flushing nmethod 0x0000015240eef710
Event: 109.061 Thread 0x000001524e023300 flushing nmethod 0x0000015238be4d10
Event: 109.061 Thread 0x000001524e023300 flushing nmethod 0x0000015238c05110
Event: 109.061 Thread 0x000001524e023300 flushing nmethod 0x0000015238c6bd90
Event: 109.061 Thread 0x000001524e023300 flushing nmethod 0x0000015238cf2990
Event: 109.062 Thread 0x000001524e023300 flushing nmethod 0x0000015238e55290
Event: 109.062 Thread 0x000001524e023300 flushing nmethod 0x0000015238e55c90
Event: 109.064 Thread 0x000001524e023300 flushing nmethod 0x000001523912b790
Event: 109.066 Thread 0x000001524e023300 flushing nmethod 0x0000015239338310
Event: 109.085 Thread 0x000001524e023300 flushing nmethod 0x000001523acccf90
Event: 109.085 Thread 0x000001524e023300 flushing nmethod 0x000001523acfec10
Event: 109.085 Thread 0x000001524e023300 flushing nmethod 0x000001523ad44e10
Event: 109.085 Thread 0x000001524e023300 flushing nmethod 0x000001523ad48e90
Event: 109.085 Thread 0x000001524e023300 flushing nmethod 0x000001523adc4510
Event: 109.085 Thread 0x000001524e023300 flushing nmethod 0x000001523adeba90
Event: 109.193 Thread 0x0000015255847be0 Thread exited: 0x0000015255847be0


Dynamic libraries:
0x00007ff773f20000 - 0x00007ff773f30000 	D:\Java\jdk-17.0.1\bin\java.exe
0x00007ffcaba70000 - 0x00007ffcabc65000 	C:\WINDOWS\SYSTEM32\ntdll.dll
0x00007ffca9ac0000 - 0x00007ffca9b7e000 	C:\WINDOWS\System32\KERNEL32.DLL
0x00007ffca94b0000 - 0x00007ffca9779000 	C:\WINDOWS\System32\KERNELBASE.dll
0x00007ffca69f0000 - 0x00007ffca6a80000 	C:\WINDOWS\SYSTEM32\apphelp.dll
0x00007ffca9780000 - 0x00007ffca9880000 	C:\WINDOWS\System32\ucrtbase.dll
0x00007ffc86c20000 - 0x00007ffc86c3a000 	D:\Java\jdk-17.0.1\bin\VCRUNTIME140.dll
0x00007ffc86920000 - 0x00007ffc86938000 	D:\Java\jdk-17.0.1\bin\jli.dll
0x00007ffcaa700000 - 0x00007ffcaa7ac000 	C:\WINDOWS\System32\ADVAPI32.dll
0x00007ffcab990000 - 0x00007ffcaba2e000 	C:\WINDOWS\System32\msvcrt.dll
0x00007ffcab8e0000 - 0x00007ffcab97b000 	C:\WINDOWS\System32\sechost.dll
0x00007ffcaa3c0000 - 0x00007ffcaa4ea000 	C:\WINDOWS\System32\RPCRT4.dll
0x00007ffca9be0000 - 0x00007ffca9d81000 	C:\WINDOWS\System32\USER32.dll
0x00007ffca9880000 - 0x00007ffca98a2000 	C:\WINDOWS\System32\win32u.dll
0x00007ffcaa580000 - 0x00007ffcaa5ab000 	C:\WINDOWS\System32\GDI32.dll
0x00007ffca91f0000 - 0x00007ffca92fb000 	C:\WINDOWS\System32\gdi32full.dll
0x00007ffca99f0000 - 0x00007ffca9a8d000 	C:\WINDOWS\System32\msvcp_win.dll
0x00007ffc99230000 - 0x00007ffc994ca000 	C:\WINDOWS\WinSxS\amd64_microsoft.windows.common-controls_6595b64144ccf1df_6.0.19041.1110_none_60b5254171f9507e\COMCTL32.dll
0x00007ffc9b240000 - 0x00007ffc9b24a000 	C:\WINDOWS\SYSTEM32\VERSION.dll
0x00007ffcab360000 - 0x00007ffcab390000 	C:\WINDOWS\System32\IMM32.DLL
0x00007ffc8ce70000 - 0x00007ffc8d072000 	C:\Windows\system32\tmumh\20019\AddOn\8.53.0.1128\TmUmEvt64.dll
0x00007ffcaa6e0000 - 0x00007ffcaa6e8000 	C:\WINDOWS\System32\PSAPI.DLL
0x00000000719e0000 - 0x0000000071b50000 	C:\Windows\system32\tmumh\20019\TmMon\2.8.0.1054\tmmon64.dll
0x00007ffc8b660000 - 0x00007ffc8b66c000 	D:\Java\jdk-17.0.1\bin\vcruntime140_1.dll
0x00007ffc7f4d0000 - 0x00007ffc7f55d000 	D:\Java\jdk-17.0.1\bin\msvcp140.dll
0x00007ffc69c60000 - 0x00007ffc6a81e000 	D:\Java\jdk-17.0.1\bin\server\jvm.dll
0x00007ffc95340000 - 0x00007ffc95349000 	C:\WINDOWS\SYSTEM32\WSOCK32.dll
0x00007ffcaaa20000 - 0x00007ffcaaa8b000 	C:\WINDOWS\System32\WS2_32.dll
0x00007ffc99200000 - 0x00007ffc99227000 	C:\WINDOWS\SYSTEM32\WINMM.dll
0x00007ffca70a0000 - 0x00007ffca70b2000 	C:\WINDOWS\SYSTEM32\kernel.appcore.dll
0x00007ffc8a890000 - 0x00007ffc8a89a000 	D:\Java\jdk-17.0.1\bin\jimage.dll
0x00007ffc97af0000 - 0x00007ffc97cd4000 	C:\WINDOWS\SYSTEM32\DBGHELP.DLL
0x00007ffc97230000 - 0x00007ffc9725c000 	C:\WINDOWS\SYSTEM32\dbgcore.DLL
0x00007ffca98b0000 - 0x00007ffca9933000 	C:\WINDOWS\System32\bcryptPrimitives.dll
0x00007ffc861c0000 - 0x00007ffc861e5000 	D:\Java\jdk-17.0.1\bin\java.dll
0x00007ffc77fb0000 - 0x00007ffc78086000 	D:\Java\jdk-17.0.1\bin\svml.dll
0x00007ffcaac20000 - 0x00007ffcab35f000 	C:\WINDOWS\System32\SHELL32.dll
0x00007ffca72a0000 - 0x00007ffca7a30000 	C:\WINDOWS\SYSTEM32\windows.storage.dll
0x00007ffcab460000 - 0x00007ffcab7b5000 	C:\WINDOWS\System32\combase.dll
0x00007ffca8b10000 - 0x00007ffca8b3c000 	C:\WINDOWS\SYSTEM32\Wldp.dll
0x00007ffcab390000 - 0x00007ffcab43d000 	C:\WINDOWS\System32\SHCORE.dll
0x00007ffcaa8f0000 - 0x00007ffcaa945000 	C:\WINDOWS\System32\shlwapi.dll
0x00007ffca90d0000 - 0x00007ffca90ef000 	C:\WINDOWS\SYSTEM32\profapi.dll
0x00007ffc85660000 - 0x00007ffc85679000 	D:\Java\jdk-17.0.1\bin\net.dll
0x00007ffc9a770000 - 0x00007ffc9a878000 	C:\WINDOWS\SYSTEM32\WINHTTP.dll
0x00007ffca8870000 - 0x00007ffca88da000 	C:\WINDOWS\system32\mswsock.dll
0x00007ffc847c0000 - 0x00007ffc847d5000 	D:\Java\jdk-17.0.1\bin\nio.dll
0x00007ffc847a0000 - 0x00007ffc847b8000 	D:\Java\jdk-17.0.1\bin\zip.dll
0x00007ffc8a210000 - 0x00007ffc8a220000 	D:\Java\jdk-17.0.1\bin\verify.dll
0x00007ffc95500000 - 0x00007ffc95527000 	C:\Users\baelde\.gradle\native\e1d6ef7f7dcc3fd88c89a11ec53ec762bb8ba0a96d01ffa2cd45eb1d1d8dd5c5\windows-amd64\native-platform.dll
0x00007ffc869e0000 - 0x00007ffc86b24000 	C:\Users\baelde\.gradle\native\5664cfc778a61ccfe75a443a1ab52a65af34e5dc3c78e0209fed803814484fcb\windows-amd64\native-platform-file-events.dll
0x00007ffc89a50000 - 0x00007ffc89a59000 	D:\Java\jdk-17.0.1\bin\management.dll
0x00007ffc89270000 - 0x00007ffc8927b000 	D:\Java\jdk-17.0.1\bin\management_ext.dll
0x00007ffca8a60000 - 0x00007ffca8a78000 	C:\WINDOWS\SYSTEM32\CRYPTSP.dll
0x00007ffca81f0000 - 0x00007ffca8224000 	C:\WINDOWS\system32\rsaenh.dll
0x00007ffca9a90000 - 0x00007ffca9ab7000 	C:\WINDOWS\System32\bcrypt.dll
0x00007ffca9090000 - 0x00007ffca90be000 	C:\WINDOWS\SYSTEM32\USERENV.dll
0x00007ffca8560000 - 0x00007ffca859b000 	C:\WINDOWS\SYSTEM32\IPHLPAPI.DLL
0x00007ffcab980000 - 0x00007ffcab988000 	C:\WINDOWS\System32\NSI.dll
0x00007ffca1be0000 - 0x00007ffca1bf7000 	C:\WINDOWS\SYSTEM32\dhcpcsvc6.DLL
0x00007ffca1bc0000 - 0x00007ffca1bdd000 	C:\WINDOWS\SYSTEM32\dhcpcsvc.DLL
0x00007ffca85a0000 - 0x00007ffca866c000 	C:\WINDOWS\SYSTEM32\DNSAPI.dll
0x00007ffc871b0000 - 0x00007ffc871be000 	D:\Java\jdk-17.0.1\bin\sunmscapi.dll
0x00007ffca9300000 - 0x00007ffca9456000 	C:\WINDOWS\System32\CRYPT32.dll
0x00007ffca8b80000 - 0x00007ffca8ba7000 	C:\WINDOWS\SYSTEM32\ncrypt.dll
0x00007ffca8b40000 - 0x00007ffca8b7b000 	C:\WINDOWS\SYSTEM32\NTASN1.dll
0x00007ffc86ed0000 - 0x00007ffc86ed7000 	C:\WINDOWS\system32\wshunix.dll
0x00007ffc69ad0000 - 0x00007ffc69c5f000 	D:\Java\jdk-17.0.1\bin\awt.dll
0x00007ffcaa950000 - 0x00007ffcaaa1d000 	C:\WINDOWS\System32\OLEAUT32.dll
0x00007ffca6ec0000 - 0x00007ffca6eef000 	C:\WINDOWS\system32\DWMAPI.DLL
0x00007ffca6bd0000 - 0x00007ffca6c6e000 	C:\WINDOWS\system32\uxtheme.dll
0x00007ffc9a600000 - 0x00007ffc9a60a000 	C:\Windows\System32\rasadhlp.dll
0x00007ffca2900000 - 0x00007ffca297f000 	C:\WINDOWS\System32\fwpuclnt.dll
0x00007ffc953c0000 - 0x00007ffc953de000 	C:\Users\baelde\AppData\Local\Temp\native-platform11722253441084701605dir\native-platform.dll
0x00007ffc954f0000 - 0x00007ffc954f7000 	D:\Java\jdk-17.0.1\bin\rmi.dll
0x00007ffc8de80000 - 0x00007ffc8de97000 	C:\WINDOWS\system32\napinsp.dll
0x00007ffc8de60000 - 0x00007ffc8de7b000 	C:\WINDOWS\system32\pnrpnsp.dll
0x00007ffc8ddb0000 - 0x00007ffc8ddc5000 	C:\WINDOWS\system32\wshbth.dll
0x00007ffc9cc20000 - 0x00007ffc9cc3d000 	C:\WINDOWS\system32\NLAapi.dll
0x00007ffc8dd90000 - 0x00007ffc8dda2000 	C:\WINDOWS\System32\winrnr.dll

dbghelp: loaded successfully - version: 4.0.5 - missing functions: none
symbol engine: initialized successfully - sym options: 0x614 - pdb path: .;D:\Java\jdk-17.0.1\bin;C:\WINDOWS\SYSTEM32;C:\WINDOWS\WinSxS\amd64_microsoft.windows.common-controls_6595b64144ccf1df_6.0.19041.1110_none_60b5254171f9507e;C:\Windows\system32\tmumh\20019\AddOn\8.53.0.1128;C:\Windows\system32\tmumh\20019\TmMon\2.8.0.1054;D:\Java\jdk-17.0.1\bin\server;C:\Users\baelde\.gradle\native\e1d6ef7f7dcc3fd88c89a11ec53ec762bb8ba0a96d01ffa2cd45eb1d1d8dd5c5\windows-amd64;C:\Users\baelde\.gradle\native\5664cfc778a61ccfe75a443a1ab52a65af34e5dc3c78e0209fed803814484fcb\windows-amd64;C:\Users\baelde\AppData\Local\Temp\native-platform11722253441084701605dir

VM Arguments:
jvm_args: --add-opens=java.base/java.util=ALL-UNNAMED --add-opens=java.base/java.lang=ALL-UNNAMED --add-opens=java.base/java.lang.invoke=ALL-UNNAMED --add-opens=java.base/java.util=ALL-UNNAMED --add-opens=java.prefs/java.util.prefs=ALL-UNNAMED --add-opens=java.prefs/java.util.prefs=ALL-UNNAMED --add-opens=java.base/java.nio.charset=ALL-UNNAMED --add-opens=java.base/java.net=ALL-UNNAMED --add-opens=java.base/java.util.concurrent.atomic=ALL-UNNAMED -Xmx1536m -Dfile.encoding=windows-1252 -Duser.country=FR -Duser.language=fr -Duser.variant 
java_command: org.gradle.launcher.daemon.bootstrap.GradleDaemon 7.2
java_class_path (initial): C:\Users\baelde\.gradle\wrapper\dists\gradle-7.2-all\260hg96vuh6ex27h9vo47iv4d\gradle-7.2\lib\gradle-launcher-7.2.jar
Launcher Type: SUN_STANDARD

[Global flags]
     intx CICompilerCount                          = 3                                         {product} {ergonomic}
     uint ConcGCThreads                            = 1                                         {product} {ergonomic}
     uint G1ConcRefinementThreads                  = 4                                         {product} {ergonomic}
   size_t G1HeapRegionSize                         = 1048576                                   {product} {ergonomic}
    uintx GCDrainStackTargetSize                   = 64                                        {product} {ergonomic}
   size_t InitialHeapSize                          = 65011712                                  {product} {ergonomic}
   size_t MarkStackSize                            = 4194304                                   {product} {ergonomic}
   size_t MaxHeapSize                              = 1610612736                                {product} {command line}
   size_t MaxNewSize                               = 965738496                                 {product} {ergonomic}
   size_t MinHeapDeltaBytes                        = 1048576                                   {product} {ergonomic}
   size_t MinHeapSize                              = 8388608                                   {product} {ergonomic}
    uintx NonNMethodCodeHeapSize                   = 5832780                                {pd product} {ergonomic}
    uintx NonProfiledCodeHeapSize                  = 122912730                              {pd product} {ergonomic}
    uintx ProfiledCodeHeapSize                     = 122912730                              {pd product} {ergonomic}
    uintx ReservedCodeCacheSize                    = 251658240                              {pd product} {ergonomic}
     bool SegmentedCodeCache                       = true                                      {product} {ergonomic}
   size_t SoftMaxHeapSize                          = 1610612736                             {manageable} {ergonomic}
     bool UseCompressedClassPointers               = true                           {product lp64_product} {ergonomic}
     bool UseCompressedOops                        = true                           {product lp64_product} {ergonomic}
     bool UseG1GC                                  = true                                      {product} {ergonomic}
     bool UseLargePagesIndividualAllocation        = false                                  {pd product} {ergonomic}

Logging:
Log output configuration:
 #0: stdout all=warning uptime,level,tags
 #1: stderr all=off uptime,level,tags

Environment Variables:
CLASSPATH=.;C:\Program Files (x86)\Java\jre1.8.0_211\lib\ext\QTJava.zip
PATH=C:\OCaml\emacs-23.3\bin;C:\OCaml\bin;C:\Program Files\Python37\Scripts\;C:\Program Files\Python37\;C:\Program Files (x86)\Common Files\Oracle\Java\javapath;C:\WINDOWS\system32;C:\WINDOWS;C:\WINDOWS\System32\Wbem;C:\WINDOWS\System32\WindowsPowerShell\v1.0\;C:\WINDOWS\System32\OpenSSH\;C:\Program Files (x86)\Windows Live\Shared;C:\Program Files (x86)\QuickTime\QTSystem\;C:\Program Files (x86)\GTK2-Runtime\bin;C:\Program Files\Mu\bin;C:\Program Files (x86)\Avogadro\bin;C:\Program Files (x86)\Brackets\command
USERNAME=baelde
OS=Windows_NT
PROCESSOR_IDENTIFIER=Intel64 Family 6 Model 158 Stepping 10, GenuineIntel



---------------  S Y S T E M  ---------------

OS:
 Windows 10 , 64 bit Build 19041 (10.0.19041.1202)
OS uptime: 0 days 0:42 hours

CPU: total 4 (initial active 4) (2 cores per cpu, 2 threads per core) family 6 model 158 stepping 10 microcode 0xb4, cx8, cmov, fxsr, ht, mmx, 3dnowpref, sse, sse2, sse3, ssse3, sse4.1, sse4.2, popcnt, lzcnt, tsc, tscinvbit, aes, erms, clmul, clflush, clflushopt

Memory: 4k page, system-wide physical 3964M (334M free)
TotalPageFile size 6964M (AvailPageFile size 62M)
current process WorkingSet (physical memory assigned to process): 457M, peak: 457M
current process commit charge ("private bytes"): 682M, peak: 880M

vm_info: Java HotSpot(TM) 64-Bit Server VM (17.0.1+12-LTS-39) for windows-amd64 JRE (17.0.1+12-LTS-39), built on Sep 27 2021 18:41:35 by "mach5one" with MS VC++ 16.8 (VS2019)

END.
